 ====================>     TALLY 27: FLUX_SPECTRUM     <====================

 Incoming Energy [1e-05, 0.00011)
   Total Material
     Flux                                 0 +/- 0
 Incoming Energy [0.00011, 0.003)
   Total Material
     Flux                                 0 +/- 0
 Incoming Energy [0.003, 0.0055)
   Total Material
     Flux                                 0 +/- 0
 Incoming Energy [0.0055, 0.01)
   Total Material
     Flux                                 0 +/- 0
 Incoming Energy [0.01, 0.015)
   Total Material
     Flux                                 0 +/- 0
 Incoming Energy [0.015, 0.02)
   Total Material
     Flux                                 0 +/- 0
 Incoming Energy [0.02, 0.03)
   Total Material
     Flux                                 0 +/- 0
 Incoming Energy [0.03, 0.032)
   Total Material
     Flux                                 0 +/- 0
 Incoming Energy [0.032, 0.03238)
   Total Material
     Flux                                 0 +/- 0
 Incoming Energy [0.03238, 0.043)
   Total Material
     Flux                                 0 +/- 0
 Incoming Energy [0.043, 0.059)
   Total Material
     Flux                                 0 +/- 0
 Incoming Energy [0.059, 0.077)
   Total Material
     Flux                                 0 +/- 0
 Incoming Energy [0.077, 0.095)
   Total Material
     Flux                                 0 +/- 0
 Incoming Energy [0.095, 0.1)
   Total Material
     Flux                                 0 +/- 0
 Incoming Energy [0.1, 0.115)
   Total Material
     Flux                                 0 +/- 0
 Incoming Energy [0.115, 0.134)
   Total Material
     Flux                                 0 +/- 0
 Incoming Energy [0.134, 0.16)
   Total Material
     Flux                                 0 +/- 0
 Incoming Energy [0.16, 0.189)
   Total Material
     Flux                                 0 +/- 0
 Incoming Energy [0.189, 0.22)
   Total Material
     Flux                                 0 +/- 0
 Incoming Energy [0.22, 0.248)
   Total Material
     Flux                                 0 +/- 0
 Incoming Energy [0.248, 0.2825)
   Total Material
     Flux                                 0 +/- 0
 Incoming Energy [0.2825, 0.3145)
   Total Material
     Flux                                 0 +/- 0
 Incoming Energy [0.3145, 0.352)
   Total Material
     Flux                                 0 +/- 0
 Incoming Energy [0.352, 0.391)
   Total Material
     Flux                                 0 +/- 0
 Incoming Energy [0.391, 0.414)
   Total Material
     Flux                                 0 +/- 0
 Incoming Energy [0.414, 0.433)
   Total Material
     Flux                                 0 +/- 0
 Incoming Energy [0.433, 0.485)
   Total Material
     Flux                                 0 +/- 0
 Incoming Energy [0.485, 0.5316)
   Total Material
     Flux                                 0 +/- 0
 Incoming Energy [0.5316, 0.54)
   Total Material
     Flux                                 0 +/- 0
 Incoming Energy [0.54, 0.625)
   Total Material
     Flux                                 0 +/- 0
 Incoming Energy [0.625, 0.6826)
   Total Material
     Flux                                 0 +/- 0
 Incoming Energy [0.6826, 0.705)
   Total Material
     Flux                                 0 +/- 0
 Incoming Energy [0.705, 0.79)
   Total Material
     Flux                                 0 +/- 0
 Incoming Energy [0.79, 0.86)
   Total Material
     Flux                                 0 +/- 0
 Incoming Energy [0.86, 0.8764)
   Total Material
     Flux                                 0 +/- 0
 Incoming Energy [0.8764, 0.93)
   Total Material
     Flux                                 0 +/- 0
 Incoming Energy [0.93, 0.986)
   Total Material
     Flux                                 0 +/- 0
 Incoming Energy [0.986, 1.01)
   Total Material
     Flux                                 0 +/- 0
 Incoming Energy [1.01, 1.035)
   Total Material
     Flux                                 0 +/- 0
 Incoming Energy [1.035, 1.07)
   Total Material
     Flux                                 0 +/- 0
 Incoming Energy [1.07, 1.08)
   Total Material
     Flux                                 0 +/- 0
 Incoming Energy [1.08, 1.09)
   Total Material
     Flux                                 0 +/- 0
 Incoming Energy [1.09, 1.11)
   Total Material
     Flux                                 0 +/- 0
 Incoming Energy [1.11, 1.125)
   Total Material
     Flux                                 0 +/- 0
 Incoming Energy [1.125, 1.17)
   Total Material
     Flux                                 0 +/- 0
 Incoming Energy [1.17, 1.235)
   Total Material
     Flux                                 0 +/- 0
 Incoming Energy [1.235, 1.305)
   Total Material
     Flux                                 0 +/- 0
 Incoming Energy [1.305, 1.37)
   Total Material
     Flux                                 0 +/- 0
 Incoming Energy [1.37, 1.44)
   Total Material
     Flux                                 0 +/- 0
 Incoming Energy [1.44, 1.445)
   Total Material
     Flux                                 0 +/- 0
 Incoming Energy [1.445, 1.51)
   Total Material
     Flux                                 0 +/- 0
 Incoming Energy [1.51, 1.59)
   Total Material
     Flux                                 0 +/- 0
 Incoming Energy [1.59, 1.67)
   Total Material
     Flux                                 0 +/- 0
 Incoming Energy [1.67, 1.755)
   Total Material
     Flux                                 0 +/- 0
 Incoming Energy [1.755, 1.84)
   Total Material
     Flux                                 0 +/- 0
 Incoming Energy [1.84, 1.855)
   Total Material
     Flux                                 0 +/- 0
 Incoming Energy [1.855, 1.93)
   Total Material
     Flux                                 0 +/- 0
 Incoming Energy [1.93, 2.02)
   Total Material
     Flux                                 0 +/- 0
 Incoming Energy [2.02, 2.13)
   Total Material
     Flux                                 0 +/- 0
 Incoming Energy [2.13, 2.36)
   Total Material
     Flux                                 0 +/- 0
 Incoming Energy [2.36, 2.372)
   Total Material
     Flux                                 0 +/- 0
 Incoming Energy [2.372, 2.768)
   Total Material
     Flux                                 0 +/- 0
 Incoming Energy [2.768, 3.059)
   Total Material
     Flux                                 0 +/- 0
 Incoming Energy [3.059, 3.381)
   Total Material
     Flux                                 0 +/- 0
 Incoming Energy [3.381, 3.928)
   Total Material
     Flux                                 0 +/- 0
 Incoming Energy [3.928, 4.129)
   Total Material
     Flux                                 0 +/- 0
 Incoming Energy [4.129, 4.47)
   Total Material
     Flux                                 0 +/- 0
 Incoming Energy [4.47, 4.67)
   Total Material
     Flux                                 0 +/- 0
 Incoming Energy [4.67, 5.043)
   Total Material
     Flux                                 0 +/- 0
 Incoming Energy [5.043, 5.623)
   Total Material
     Flux                                 0 +/- 0
 Incoming Energy [5.623, 6.16)
   Total Material
     Flux                                 0 +/- 0
 Incoming Energy [6.16, 6.476)
   Total Material
     Flux                                 0 +/- 0
 Incoming Energy [6.476, 7.079)
   Total Material
     Flux                                 0 +/- 0
 Incoming Energy [7.079, 7.524)
   Total Material
     Flux                                 1.12355e-06 +/- 1.12355e-06
 Incoming Energy [7.524, 7.943)
   Total Material
     Flux                                 0 +/- 0
 Incoming Energy [7.943, 8.315)
   Total Material
     Flux                                 0 +/- 0
 Incoming Energy [8.315, 8.913)
   Total Material
     Flux                                 6.87889e-08 +/- 6.87889e-08
 Incoming Energy [8.913, 9.19)
   Total Material
     Flux                                 6.8497e-08 +/- 6.8497e-08
 Incoming Energy [9.19, 10)
   Total Material
     Flux                                 8.85819e-07 +/- 8.85819e-07
 Incoming Energy [10, 10.68)
   Total Material
     Flux                                 0 +/- 0
 Incoming Energy [10.68, 11.22)
   Total Material
     Flux                                 0 +/- 0
 Incoming Energy [11.22, 12.59)
   Total Material
     Flux                                 3.62509e-07 +/- 2.77582e-07
 Incoming Energy [12.59, 13.71)
   Total Material
     Flux                                 9.78281e-07 +/- 7.40813e-07
 Incoming Energy [13.71, 15.23)
   Total Material
     Flux                                 5.97429e-07 +/- 3.43531e-07
 Incoming Energy [15.23, 16.74)
   Total Material
     Flux                                 9.53172e-07 +/- 8.16181e-07
 Incoming Energy [16.74, 17.6)
   Total Material
     Flux                                 0 +/- 0
 Incoming Energy [17.6, 19.03)
   Total Material
     Flux                                 9.9371e-07 +/- 9.9371e-07
 Incoming Energy [19.03, 20.45)
   Total Material
     Flux                                 0 +/- 0
 Incoming Energy [20.45, 22.6)
   Total Material
     Flux                                 0 +/- 0
 Incoming Energy [22.6, 24.98)
   Total Material
     Flux                                 2.48027e-06 +/- 1.75519e-06
 Incoming Energy [24.98, 27.92)
   Total Material
     Flux                                 0 +/- 0
 Incoming Energy [27.92, 29.2)
   Total Material
     Flux                                 0 +/- 0
 Incoming Energy [29.2, 30.51)
   Total Material
     Flux                                 0 +/- 0
 Incoming Energy [30.51, 33.89)
   Total Material
     Flux                                 0 +/- 0
 Incoming Energy [33.89, 37.27)
   Total Material
     Flux                                 0 +/- 0
 Incoming Energy [37.27, 39.81)
   Total Material
     Flux                                 1.60712e-07 +/- 1.60712e-07
 Incoming Energy [39.81, 45.52)
   Total Material
     Flux                                 2.7673e-06 +/- 1.2116e-06
 Incoming Energy [45.52, 47.85)
   Total Material
     Flux                                 9.26612e-07 +/- 5.56586e-07
 Incoming Energy [47.85, 50.12)
   Total Material
     Flux                                 1.80829e-06 +/- 8.9932e-07
 Incoming Energy [50.12, 55.59)
   Total Material
     Flux                                 2.12647e-06 +/- 1.4507e-06
 Incoming Energy [55.59, 61.44)
   Total Material
     Flux                                 1.6293e-06 +/- 8.38029e-07
 Incoming Energy [61.44, 63.1)
   Total Material
     Flux                                 6.08691e-07 +/- 4.29372e-07
 Incoming Energy [63.1, 67.9)
   Total Material
     Flux                                 9.94677e-06 +/- 4.09181e-06
 Incoming Energy [67.9, 70.79)
   Total Material
     Flux                                 2.56328e-06 +/- 1.72718e-06
 Incoming Energy [70.79, 78.89)
   Total Material
     Flux                                 1.3394e-05 +/- 4.63035e-06
 Incoming Energy [78.89, 85.28)
   Total Material
     Flux                                 1.47963e-05 +/- 3.90594e-06
 Incoming Energy [85.28, 91.66)
   Total Material
     Flux                                 1.61274e-05 +/- 3.78894e-06
 Incoming Energy [91.66, 101.3)
   Total Material
     Flux                                 4.59794e-05 +/- 7.43318e-06
 Incoming Energy [101.3, 112.2)
   Total Material
     Flux                                 6.23513e-05 +/- 8.96283e-06
 Incoming Energy [112.2, 130.1)
   Total Material
     Flux                                 0.000208522 +/- 1.77664e-05
 Incoming Energy [130.1, 136.7)
   Total Material
     Flux                                 0.000100342 +/- 1.08789e-05
 Incoming Energy [136.7, 158.5)
   Total Material
     Flux                                 0.000535909 +/- 3.18036e-05
 Incoming Energy [158.5, 167)
   Total Material
     Flux                                 0.000199933 +/- 1.39191e-05
 Incoming Energy [167, 177.8)
   Total Material
     Flux                                 0.000454441 +/- 2.60882e-05
 Incoming Energy [177.8, 204)
   Total Material
     Flux                                 0.00139003 +/- 4.58723e-05
 Incoming Energy [204, 214.5)
   Total Material
     Flux                                 0.00084312 +/- 2.90971e-05
 Incoming Energy [214.5, 243)
   Total Material
     Flux                                 0.0031217 +/- 7.49882e-05
 Incoming Energy [243, 275.4)
   Total Material
     Flux                                 0.00589665 +/- 9.5177e-05
 Incoming Energy [275.4, 304.3)
   Total Material
     Flux                                 0.00829357 +/- 0.000120696
 Incoming Energy [304.3, 353.6)
   Total Material
     Flux                                 0.0213683 +/- 0.000213369
 Incoming Energy [353.6, 398.1)
   Total Material
     Flux                                 0.0228006 +/- 0.000171304
 Incoming Energy [398.1, 454)
   Total Material
     Flux                                 0.0446651 +/- 0.000313172
 Incoming Energy [454, 514.5)
   Total Material
     Flux                                 0.0685137 +/- 0.000339557
 Incoming Energy [514.5, 583)
   Total Material
     Flux                                 0.102382 +/- 0.000381143
 Incoming Energy [583, 631)
   Total Material
     Flux                                 0.099293 +/- 0.000385675
 Incoming Energy [631, 677.3)
   Total Material
     Flux                                 0.114327 +/- 0.000424506
 Incoming Energy [677.3, 707.9)
   Total Material
     Flux                                 0.0852545 +/- 0.000306931
 Incoming Energy [707.9, 748.5)
   Total Material
     Flux                                 0.118119 +/- 0.000409995
 Incoming Energy [748.5, 848.2)
   Total Material
     Flux                                 0.368591 +/- 0.000883213
 Incoming Energy [848.2, 961.1)
   Total Material
     Flux                                 0.475111 +/- 0.000950108
 Incoming Energy [961.1, 1010)
   Total Material
     Flux                                 0.232319 +/- 0.000524184
 Incoming Energy [1010, 1117)
   Total Material
     Flux                                 0.573866 +/- 0.00101082
 Incoming Energy [1117, 1234)
   Total Material
     Flux                                 0.65026 +/- 0.000985855
 Incoming Energy [1234, 1364)
   Total Material
     Flux                                 0.708081 +/- 0.000934196
 Incoming Energy [1364, 1507)
   Total Material
     Flux                                 0.883082 +/- 0.00109692
 Incoming Energy [1507, 1585)
   Total Material
     Flux                                 0.461677 +/- 0.000784676
 Incoming Energy [1585, 1796)
   Total Material
     Flux                                 1.11373 +/- 0.00125122
 Incoming Energy [1796, 2035)
   Total Material
     Flux                                 0.921356 +/- 0.00102885
 Incoming Energy [2035, 2113)
   Total Material
     Flux                                 0.210341 +/- 0.000343149
 Incoming Energy [2113, 2249)
   Total Material
     Flux                                 0.274638 +/- 0.000369941
 Incoming Energy [2249, 2371)
   Total Material
     Flux                                 0.151752 +/- 0.000227883
 Incoming Energy [2371, 2485)
   Total Material
     Flux                                 0.0865532 +/- 0.000129194
 Incoming Energy [2485, 2613)
   Total Material
     Flux                                 0.0516455 +/- 6.99464e-05
 Incoming Energy [2613, 2661)
   Total Material
     Flux                                 0.0112633 +/- 2.681e-05
 Incoming Energy [2661, 2747)
   Total Material
     Flux                                 0.0137823 +/- 2.38425e-05
 Incoming Energy [2747, 2818)
   Total Material
     Flux                                 0.00841103 +/- 1.60637e-05
 Incoming Energy [2818, 3035)
   Total Material
     Flux                                 0.0332074 +/- 3.91313e-05
 Incoming Energy [3035, 3162)
   Total Material
     Flux                                 0.037777 +/- 5.8296e-05
 Incoming Energy [3162, 3355)
   Total Material
     Flux                                 0.0963987 +/- 0.000132589
 Incoming Energy [3355, 3548)
   Total Material
     Flux                                 0.151507 +/- 0.000222174
 Incoming Energy [3548, 3707)
   Total Material
     Flux                                 0.161949 +/- 0.000227518
 Incoming Energy [3707, 3981)
   Total Material
     Flux                                 0.358249 +/- 0.000434838
 Incoming Energy [3981, 4307)
   Total Material
     Flux                                 0.545989 +/- 0.000641336
 Incoming Energy [4307, 4643)
   Total Material
     Flux                                 0.674413 +/- 0.000744926
 Incoming Energy [4643, 5004)
   Total Material
     Flux                                 0.826314 +/- 0.000796174
 Incoming Energy [5004, 5531)
   Total Material
     Flux                                 1.35179 +/- 0.00125281
 Incoming Energy [5531, 6267)
   Total Material
     Flux                                 2.08308 +/- 0.00179578
 Incoming Energy [6267, 7102)
   Total Material
     Flux                                 2.59923 +/- 0.00226472
 Incoming Energy [7102, 7466)
   Total Material
     Flux                                 1.20613 +/- 0.00119925
 Incoming Energy [7466, 8251)
   Total Material
     Flux                                 2.73708 +/- 0.00208284
 Incoming Energy [8251, 9119)
   Total Material
     Flux                                 1.15503 +/- 0.000911533
 Incoming Energy [9119, 10080)
   Total Material
     Flux                                 2.4708 +/- 0.00183423
 Incoming Energy [10080, 11140)
   Total Material
     Flux                                 2.98454 +/- 0.00188523
 Incoming Energy [11140, 11710)
   Total Material
     Flux                                 1.65201 +/- 0.00137342
 Incoming Energy [11710, 12730)
   Total Material
     Flux                                 3.01581 +/- 0.00215234
 Incoming Energy [12730, 13830)
   Total Material
     Flux                                 3.23789 +/- 0.00218473
 Incoming Energy [13830, 15030)
   Total Material
     Flux                                 3.55092 +/- 0.00214621
 Incoming Energy [15030, 15850)
   Total Material
     Flux                                 2.42065 +/- 0.00196804
 Incoming Energy [15850, 16620)
   Total Material
     Flux                                 2.29077 +/- 0.00171469
 Incoming Energy [16620, 17780)
   Total Material
     Flux                                 3.47047 +/- 0.00233536
 Incoming Energy [17780, 19310)
   Total Material
     Flux                                 4.45775 +/- 0.00241272
 Incoming Energy [19310, 19950)
   Total Material
     Flux                                 1.93934 +/- 0.00165692
 Incoming Energy [19950, 20540)
   Total Material
     Flux                                 1.77588 +/- 0.00156352
 Incoming Energy [20540, 21130)
   Total Material
     Flux                                 1.74291 +/- 0.00145334
 Incoming Energy [21130, 21870)
   Total Material
     Flux                                 2.08171 +/- 0.00155712
 Incoming Energy [21870, 22390)
   Total Material
     Flux                                 1.51325 +/- 0.00139193
 Incoming Energy [22390, 23040)
   Total Material
     Flux                                 2.09155 +/- 0.00164448
 Incoming Energy [23040, 23580)
   Total Material
     Flux                                 1.83358 +/- 0.00153409
 Incoming Energy [23580, 24180)
   Total Material
     Flux                                 1.89162 +/- 0.00143068
 Incoming Energy [24180, 24410)
   Total Material
     Flux                                 0.603697 +/- 0.000732062
 Incoming Energy [24410, 24790)
   Total Material
     Flux                                 0.75523 +/- 0.000784288
 Incoming Energy [24790, 25120)
   Total Material
     Flux                                 0.376822 +/- 0.000414179
 Incoming Energy [25120, 25850)
   Total Material
     Flux                                 0.269586 +/- 0.000240017
 Incoming Energy [25850, 26060)
   Total Material
     Flux                                 0.0878555 +/- 0.000128386
 Incoming Energy [26060, 26610)
   Total Material
     Flux                                 0.425427 +/- 0.000380506
 Incoming Energy [26610, 27000)
   Total Material
     Flux                                 0.44861 +/- 0.000459531
 Incoming Energy [27000, 27380)
   Total Material
     Flux                                 0.525239 +/- 0.000562634
 Incoming Energy [27380, 28180)
   Total Material
     Flux                                 1.23026 +/- 0.00100008
 Incoming Energy [28180, 28500)
   Total Material
     Flux                                 0.565944 +/- 0.000680651
 Incoming Energy [28500, 29010)
   Total Material
     Flux                                 0.947953 +/- 0.000815661
 Incoming Energy [29010, 29850)
   Total Material
     Flux                                 1.6062 +/- 0.00122712
 Incoming Energy [29850, 30730)
   Total Material
     Flux                                 1.73905 +/- 0.00126123
 Incoming Energy [30730, 31620)
   Total Material
     Flux                                 1.76695 +/- 0.00133992
 Incoming Energy [31620, 31830)
   Total Material
     Flux                                 0.410017 +/- 0.000544254
 Incoming Energy [31830, 34310)
   Total Material
     Flux                                 4.907 +/- 0.00252957
 Incoming Energy [34310, 36980)
   Total Material
     Flux                                 5.34691 +/- 0.0026033
 Incoming Energy [36980, 40870)
   Total Material
     Flux                                 7.58727 +/- 0.00353809
 Incoming Energy [40870, 43590)
   Total Material
     Flux                                 5.64869 +/- 0.00308152
 Incoming Energy [43590, 46310)
   Total Material
     Flux                                 5.7696 +/- 0.0028964
 Incoming Energy [46310, 49390)
   Total Material
     Flux                                 2.57055 +/- 0.00147485
 Incoming Energy [49390, 52480)
   Total Material
     Flux                                 3.21403 +/- 0.00169449
 Incoming Energy [52480, 55170)
   Total Material
     Flux                                 1.7052 +/- 0.00112701
 Incoming Energy [55170, 56560)
   Total Material
     Flux                                 1.31795 +/- 0.000934899
 Incoming Energy [56560, 61730)
   Total Material
     Flux                                 7.0836 +/- 0.00313355
 Incoming Energy [61730, 67380)
   Total Material
     Flux                                 7.3403 +/- 0.00346224
 Incoming Energy [67380, 72000)
   Total Material
     Flux                                 6.08425 +/- 0.00303555
 Incoming Energy [72000, 74990)
   Total Material
     Flux                                 3.9276 +/- 0.00244393
 Incoming Energy [74990, 79500)
   Total Material
     Flux                                 5.79456 +/- 0.00286744
 Incoming Energy [79500, 82300)
   Total Material
     Flux                                 3.33916 +/- 0.00224834
 Incoming Energy [82300, 82500)
   Total Material
     Flux                                 0.236878 +/- 0.000481761
 Incoming Energy [82500, 86520)
   Total Material
     Flux                                 5.23651 +/- 0.00271967
 Incoming Energy [86520, 98040)
   Total Material
     Flux                                 12.0019 +/- 0.00465238
 Incoming Energy [98040, 111100)
   Total Material
     Flux                                 12.9626 +/- 0.00417228
 Incoming Energy [111100, 116800)
   Total Material
     Flux                                 5.38989 +/- 0.00299332
 Incoming Energy [116800, 122800)
   Total Material
     Flux                                 6.01469 +/- 0.00294152
 Incoming Energy [122800, 129100)
   Total Material
     Flux                                 5.73356 +/- 0.00288197
 Incoming Energy [129100, 135700)
   Total Material
     Flux                                 6.80246 +/- 0.00357116
 Incoming Energy [135700, 142600)
   Total Material
     Flux                                 3.18033 +/- 0.00153946
 Incoming Energy [142600, 150000)
   Total Material
     Flux                                 4.13258 +/- 0.0022029
 Incoming Energy [150000, 157600)
   Total Material
     Flux                                 5.14395 +/- 0.00254589
 Incoming Energy [157600, 165700)
   Total Material
     Flux                                 5.69817 +/- 0.00267246
 Incoming Energy [165700, 174200)
   Total Material
     Flux                                 5.94543 +/- 0.0029331
 Incoming Energy [174200, 183200)
   Total Material
     Flux                                 4.82985 +/- 0.00221201
 Incoming Energy [183200, 192500)
   Total Material
     Flux                                 4.57412 +/- 0.00227958
 Incoming Energy [192500, 202400)
   Total Material
     Flux                                 3.94254 +/- 0.0020631
 Incoming Energy [202400, 212800)
   Total Material
     Flux                                 4.39522 +/- 0.00219197
 Incoming Energy [212800, 223700)
   Total Material
     Flux                                 4.41252 +/- 0.00222495
 Incoming Energy [223700, 235200)
   Total Material
     Flux                                 4.80734 +/- 0.00245951
 Incoming Energy [235200, 247200)
   Total Material
     Flux                                 4.0538 +/- 0.00196472
 Incoming Energy [247200, 273200)
   Total Material
     Flux                                 10.7102 +/- 0.00424517
 Incoming Energy [273200, 287300)
   Total Material
     Flux                                 6.23627 +/- 0.00289769
 Incoming Energy [287300, 294500)
   Total Material
     Flux                                 3.31064 +/- 0.00242849
 Incoming Energy [294500, 297200)
   Total Material
     Flux                                 1.27689 +/- 0.00145543
 Incoming Energy [297200, 298500)
   Total Material
     Flux                                 0.49789 +/- 0.000815521
 Incoming Energy [298500, 302000)
   Total Material
     Flux                                 0.961308 +/- 0.00083697
 Incoming Energy [302000, 333700)
   Total Material
     Flux                                 9.8521 +/- 0.00390148
 Incoming Energy [333700, 368800)
   Total Material
     Flux                                 10.4637 +/- 0.00390836
 Incoming Energy [368800, 387700)
   Total Material
     Flux                                 3.96065 +/- 0.00215345
 Incoming Energy [387700, 407600)
   Total Material
     Flux                                 4.52291 +/- 0.00266123
 Incoming Energy [407600, 450500)
   Total Material
     Flux                                 7.51251 +/- 0.00336626
 Incoming Energy [450500, 523400)
   Total Material
     Flux                                 14.8397 +/- 0.00618468
 Incoming Energy [523400, 550200)
   Total Material
     Flux                                 4.1421 +/- 0.0022912
 Incoming Energy [550200, 578400)
   Total Material
     Flux                                 3.6678 +/- 0.00244182
 Incoming Energy [578400, 608100)
   Total Material
     Flux                                 3.29497 +/- 0.00209289
 Incoming Energy [608100, 639300)
   Total Material
     Flux                                 2.996 +/- 0.00200071
 Incoming Energy [639300, 672100)
   Total Material
     Flux                                 3.00605 +/- 0.00203106
 Incoming Energy [672100, 706500)
   Total Material
     Flux                                 2.62445 +/- 0.00187972
 Incoming Energy [706500, 742700)
   Total Material
     Flux                                 2.42846 +/- 0.00170956
 Incoming Energy [742700, 780800)
   Total Material
     Flux                                 2.87454 +/- 0.00189013
 Incoming Energy [780800, 820900)
   Total Material
     Flux                                 2.67862 +/- 0.00207057
 Incoming Energy [820900, 862900)
   Total Material
     Flux                                 2.8723 +/- 0.00223904
 Incoming Energy [862900, 907200)
   Total Material
     Flux                                 2.64015 +/- 0.0020558
 Incoming Energy [907200, 961600)
   Total Material
     Flux                                 3.13145 +/- 0.0022423
 Incoming Energy [961600, 1003000)
   Total Material
     Flux                                 2.0423 +/- 0.00198789
 Incoming Energy [1003000, 1108000)
   Total Material
     Flux                                 4.94865 +/- 0.00292918
 Incoming Energy [1108000, 1165000)
   Total Material
     Flux                                 2.7499 +/- 0.00215455
 Incoming Energy [1165000, 1225000)
   Total Material
     Flux                                 2.57812 +/- 0.00201979
 Incoming Energy [1225000, 1287000)
   Total Material
     Flux                                 2.10463 +/- 0.00163488
 Incoming Energy [1287000, 1353000)
   Total Material
     Flux                                 2.05966 +/- 0.00160952
 Incoming Energy [1353000, 1423000)
   Total Material
     Flux                                 2.02097 +/- 0.00169754
 Incoming Energy [1423000, 1496000)
   Total Material
     Flux                                 1.91617 +/- 0.00165355
 Incoming Energy [1496000, 1572000)
   Total Material
     Flux                                 1.83397 +/- 0.00161882
 Incoming Energy [1572000, 1653000)
   Total Material
     Flux                                 1.67925 +/- 0.00142823
 Incoming Energy [1653000, 1738000)
   Total Material
     Flux                                 1.65046 +/- 0.00138119
 Incoming Energy [1738000, 1827000)
   Total Material
     Flux                                 1.51308 +/- 0.0013828
 Incoming Energy [1827000, 1921000)
   Total Material
     Flux                                 1.54462 +/- 0.00154903
 Incoming Energy [1921000, 2019000)
   Total Material
     Flux                                 1.35976 +/- 0.00137695
 Incoming Energy [2019000, 2122000)
   Total Material
     Flux                                 1.21751 +/- 0.0011757
 Incoming Energy [2122000, 2231000)
   Total Material
     Flux                                 1.18082 +/- 0.00125942
 Incoming Energy [2231000, 2307000)
   Total Material
     Flux                                 0.773229 +/- 0.000913988
 Incoming Energy [2307000, 2346000)
   Total Material
     Flux                                 0.383483 +/- 0.000624269
 Incoming Energy [2346000, 2365000)
   Total Material
     Flux                                 0.182116 +/- 0.000396831
 Incoming Energy [2365000, 2385000)
   Total Material
     Flux                                 0.186412 +/- 0.000429696
 Incoming Energy [2385000, 2466000)
   Total Material
     Flux                                 0.695017 +/- 0.000972032
 Incoming Energy [2466000, 2592000)
   Total Material
     Flux                                 1.00146 +/- 0.00118615
 Incoming Energy [2592000, 2725000)
   Total Material
     Flux                                 0.955665 +/- 0.00119005
 Incoming Energy [2725000, 2865000)
   Total Material
     Flux                                 0.874172 +/- 0.00107825
 Incoming Energy [2865000, 3012000)
   Total Material
     Flux                                 0.803043 +/- 0.00103327
 Incoming Energy [3012000, 3166000)
   Total Material
     Flux                                 0.753766 +/- 0.00106002
 Incoming Energy [3166000, 3329000)
   Total Material
     Flux                                 0.654531 +/- 0.000875612
 Incoming Energy [3329000, 3679000)
   Total Material
     Flux                                 1.08748 +/- 0.00141318
 Incoming Energy [3679000, 4066000)
   Total Material
     Flux                                 0.879272 +/- 0.00121883
 Incoming Energy [4066000, 4493000)
   Total Material
     Flux                                 0.685689 +/- 0.00115786
 Incoming Energy [4493000, 4724000)
   Total Material
     Flux                                 0.286535 +/- 0.000657333
 Incoming Energy [4724000, 4966000)
   Total Material
     Flux                                 0.246362 +/- 0.000644378
 Incoming Energy [4966000, 5220000)
   Total Material
     Flux                                 0.215575 +/- 0.000580841
 Incoming Energy [5220000, 5488000)
   Total Material
     Flux                                 0.186134 +/- 0.000514868
 Incoming Energy [5488000, 5769000)
   Total Material
     Flux                                 0.160544 +/- 0.00049102
 Incoming Energy [5769000, 6065000)
   Total Material
     Flux                                 0.13793 +/- 0.00046997
 Incoming Energy [6065000, 6376000)
   Total Material
     Flux                                 0.114796 +/- 0.000434074
 Incoming Energy [6376000, 6592000)
   Total Material
     Flux                                 0.0661542 +/- 0.000329817
 Incoming Energy [6592000, 6703000)
   Total Material
     Flux                                 0.0301938 +/- 0.000206342
 Incoming Energy [6703000, 7047000)
   Total Material
     Flux                                 0.0802863 +/- 0.000404237
 Incoming Energy [7047000, 7408000)
   Total Material
     Flux                                 0.0650928 +/- 0.000357264
 Incoming Energy [7408000, 7788000)
   Total Material
     Flux                                 0.0517452 +/- 0.000288305
 Incoming Energy [7788000, 8187000)
   Total Material
     Flux                                 0.0410314 +/- 0.000267623
 Incoming Energy [8187000, 8607000)
   Total Material
     Flux                                 0.0325029 +/- 0.000236534
 Incoming Energy [8607000, 9048000)
   Total Material
     Flux                                 0.0247812 +/- 0.000202124
 Incoming Energy [9048000, 9512000)
   Total Material
     Flux                                 0.0191232 +/- 0.000182331
 Incoming Energy [9512000, 10000000)
   Total Material
     Flux                                 0.0137531 +/- 0.00015472
 Incoming Energy [10000000, 10510000)
   Total Material
     Flux                                 0.0101741 +/- 0.000129831
 Incoming Energy [10510000, 11050000)
   Total Material
     Flux                                 0.0072661 +/- 0.000124947
 Incoming Energy [11050000, 11620000)
   Total Material
     Flux                                 0.00498371 +/- 0.000101241
 Incoming Energy [11620000, 12210000)
   Total Material
     Flux                                 0.00323148 +/- 8.18646e-05
 Incoming Energy [12210000, 12840000)
   Total Material
     Flux                                 0.00239793 +/- 7.75369e-05
 Incoming Energy [12840000, 13500000)
   Total Material
     Flux                                 0.00147807 +/- 4.60651e-05
 Incoming Energy [13500000, 13840000)
   Total Material
     Flux                                 0.000573436 +/- 3.68536e-05
 Incoming Energy [13840000, 14190000)
   Total Material
     Flux                                 0.000485434 +/- 3.12512e-05
 Incoming Energy [14190000, 14550000)
   Total Material
     Flux                                 0.000338901 +/- 2.43861e-05
 Incoming Energy [14550000, 14920000)
   Total Material
     Flux                                 0.000267842 +/- 2.37361e-05
 Incoming Energy [14920000, 15680000)
   Total Material
     Flux                                 0.000359266 +/- 2.76419e-05
 Incoming Energy [15680000, 16490000)
   Total Material
     Flux                                 0.0001899 +/- 1.87835e-05
 Incoming Energy [16490000, 16910000)
   Total Material
     Flux                                 7.22383e-05 +/- 1.13668e-05
 Incoming Energy [16910000, 17330000)
   Total Material
     Flux                                 4.91822e-05 +/- 9.78589e-06
 Incoming Energy [17330000, 19640000)
   Total Material
     Flux                                 9.79299e-05 +/- 1.50425e-05
 ====================>     TALLY 28: IFP_KINETICS     <=====================

 Total Material
   IFP delayed fraction numerator       0.0055478 +/- 4.73446e-05
   IFP common denominator               0.998854 +/- 0.000273364
   IFP lifetime numerator               9.03289e-07 +/- 8.87262e-10
 ==================>     TALLY 29: IFP_BETA_BY_GROUP     <==================

 Delayed Group 1
   Total Material
     IFP delayed fraction numerator       0.00016985 +/- 8.66938e-06
 Delayed Group 2
   Total Material
     IFP delayed fraction numerator       0.0009736 +/- 1.93508e-05
 Delayed Group 3
   Total Material
     IFP delayed fraction numerator       0.0008588 +/- 2.0254e-05
 Delayed Group 4
   Total Material
     IFP delayed fraction numerator       0.00208415 +/- 3.15802e-05
 Delayed Group 5
   Total Material
     IFP delayed fraction numerator       0.0010315 +/- 2.11456e-05
 Delayed Group 6
   Total Material
     IFP delayed fraction numerator       0.0004299 +/- 1.30654e-05
 =====================>     TALLY 30: FLUX_TOTAL     <======================

 Total Material
   Flux                                 413.845 +/- 0.0636356
 ==================>     TALLY 31: RR_SALT_MT1_MT102     <==================

 Na23
   Total Reaction Rate                  14.9588 +/- 0.00265237
   (n,gamma)                            0.00345044 +/- 2.30769e-06
 Cl35
   Total Reaction Rate                  0.191491 +/- 3.053e-05
   (n,gamma)                            0.000417145 +/- 4.14372e-07
 Cl37
   Total Reaction Rate                  14.7814 +/- 0.00205626
   (n,gamma)                            0.00639723 +/- 1.72281e-06
 ===============>     TALLY 32: RR_FUEL_MT1_MT18_MT102     <================

 U235
   Total Reaction Rate                  2.05078 +/- 0.000356772
   Fission Rate                         0.31508 +/- 6.40998e-05
   (n,gamma)                            0.0861389 +/- 2.34952e-05
 U238
   Total Reaction Rate                  14.321 +/- 0.00239827
   Fission Rate                         0.0434296 +/- 1.40354e-05
   (n,gamma)                            0.323635 +/- 8.15255e-05
 ===========================>     TALLY 33     <============================

 Internal

