 ====================>     TALLY 27: FLUX_SPECTRUM     <====================

 Incoming Energy [1e-05, 0.00011)
   Total Material
     Flux                                 0 +/- 0
 Incoming Energy [0.00011, 0.003)
   Total Material
     Flux                                 0 +/- 0
 Incoming Energy [0.003, 0.0055)
   Total Material
     Flux                                 0 +/- 0
 Incoming Energy [0.0055, 0.01)
   Total Material
     Flux                                 0 +/- 0
 Incoming Energy [0.01, 0.015)
   Total Material
     Flux                                 0 +/- 0
 Incoming Energy [0.015, 0.02)
   Total Material
     Flux                                 0 +/- 0
 Incoming Energy [0.02, 0.03)
   Total Material
     Flux                                 0 +/- 0
 Incoming Energy [0.03, 0.032)
   Total Material
     Flux                                 0 +/- 0
 Incoming Energy [0.032, 0.03238)
   Total Material
     Flux                                 0 +/- 0
 Incoming Energy [0.03238, 0.043)
   Total Material
     Flux                                 0 +/- 0
 Incoming Energy [0.043, 0.059)
   Total Material
     Flux                                 0 +/- 0
 Incoming Energy [0.059, 0.077)
   Total Material
     Flux                                 0 +/- 0
 Incoming Energy [0.077, 0.095)
   Total Material
     Flux                                 0 +/- 0
 Incoming Energy [0.095, 0.1)
   Total Material
     Flux                                 0 +/- 0
 Incoming Energy [0.1, 0.115)
   Total Material
     Flux                                 0 +/- 0
 Incoming Energy [0.115, 0.134)
   Total Material
     Flux                                 0 +/- 0
 Incoming Energy [0.134, 0.16)
   Total Material
     Flux                                 0 +/- 0
 Incoming Energy [0.16, 0.189)
   Total Material
     Flux                                 0 +/- 0
 Incoming Energy [0.189, 0.22)
   Total Material
     Flux                                 0 +/- 0
 Incoming Energy [0.22, 0.248)
   Total Material
     Flux                                 0 +/- 0
 Incoming Energy [0.248, 0.2825)
   Total Material
     Flux                                 0 +/- 0
 Incoming Energy [0.2825, 0.3145)
   Total Material
     Flux                                 0 +/- 0
 Incoming Energy [0.3145, 0.352)
   Total Material
     Flux                                 0 +/- 0
 Incoming Energy [0.352, 0.391)
   Total Material
     Flux                                 0 +/- 0
 Incoming Energy [0.391, 0.414)
   Total Material
     Flux                                 0 +/- 0
 Incoming Energy [0.414, 0.433)
   Total Material
     Flux                                 0 +/- 0
 Incoming Energy [0.433, 0.485)
   Total Material
     Flux                                 0 +/- 0
 Incoming Energy [0.485, 0.5316)
   Total Material
     Flux                                 0 +/- 0
 Incoming Energy [0.5316, 0.54)
   Total Material
     Flux                                 0 +/- 0
 Incoming Energy [0.54, 0.625)
   Total Material
     Flux                                 0 +/- 0
 Incoming Energy [0.625, 0.6826)
   Total Material
     Flux                                 0 +/- 0
 Incoming Energy [0.6826, 0.705)
   Total Material
     Flux                                 0 +/- 0
 Incoming Energy [0.705, 0.79)
   Total Material
     Flux                                 0 +/- 0
 Incoming Energy [0.79, 0.86)
   Total Material
     Flux                                 0 +/- 0
 Incoming Energy [0.86, 0.8764)
   Total Material
     Flux                                 0 +/- 0
 Incoming Energy [0.8764, 0.93)
   Total Material
     Flux                                 0 +/- 0
 Incoming Energy [0.93, 0.986)
   Total Material
     Flux                                 0 +/- 0
 Incoming Energy [0.986, 1.01)
   Total Material
     Flux                                 0 +/- 0
 Incoming Energy [1.01, 1.035)
   Total Material
     Flux                                 0 +/- 0
 Incoming Energy [1.035, 1.07)
   Total Material
     Flux                                 0 +/- 0
 Incoming Energy [1.07, 1.08)
   Total Material
     Flux                                 0 +/- 0
 Incoming Energy [1.08, 1.09)
   Total Material
     Flux                                 0 +/- 0
 Incoming Energy [1.09, 1.11)
   Total Material
     Flux                                 0 +/- 0
 Incoming Energy [1.11, 1.125)
   Total Material
     Flux                                 0 +/- 0
 Incoming Energy [1.125, 1.17)
   Total Material
     Flux                                 0 +/- 0
 Incoming Energy [1.17, 1.235)
   Total Material
     Flux                                 0 +/- 0
 Incoming Energy [1.235, 1.305)
   Total Material
     Flux                                 0 +/- 0
 Incoming Energy [1.305, 1.37)
   Total Material
     Flux                                 0 +/- 0
 Incoming Energy [1.37, 1.44)
   Total Material
     Flux                                 0 +/- 0
 Incoming Energy [1.44, 1.445)
   Total Material
     Flux                                 0 +/- 0
 Incoming Energy [1.445, 1.51)
   Total Material
     Flux                                 0 +/- 0
 Incoming Energy [1.51, 1.59)
   Total Material
     Flux                                 0 +/- 0
 Incoming Energy [1.59, 1.67)
   Total Material
     Flux                                 0 +/- 0
 Incoming Energy [1.67, 1.755)
   Total Material
     Flux                                 0 +/- 0
 Incoming Energy [1.755, 1.84)
   Total Material
     Flux                                 0 +/- 0
 Incoming Energy [1.84, 1.855)
   Total Material
     Flux                                 0 +/- 0
 Incoming Energy [1.855, 1.93)
   Total Material
     Flux                                 0 +/- 0
 Incoming Energy [1.93, 2.02)
   Total Material
     Flux                                 0 +/- 0
 Incoming Energy [2.02, 2.13)
   Total Material
     Flux                                 0 +/- 0
 Incoming Energy [2.13, 2.36)
   Total Material
     Flux                                 0 +/- 0
 Incoming Energy [2.36, 2.372)
   Total Material
     Flux                                 0 +/- 0
 Incoming Energy [2.372, 2.768)
   Total Material
     Flux                                 3.29064e-06 +/- 3.29064e-06
 Incoming Energy [2.768, 3.059)
   Total Material
     Flux                                 1.72177e-07 +/- 1.72177e-07
 Incoming Energy [3.059, 3.381)
   Total Material
     Flux                                 2.43969e-06 +/- 2.43969e-06
 Incoming Energy [3.381, 3.928)
   Total Material
     Flux                                 0 +/- 0
 Incoming Energy [3.928, 4.129)
   Total Material
     Flux                                 0 +/- 0
 Incoming Energy [4.129, 4.47)
   Total Material
     Flux                                 0 +/- 0
 Incoming Energy [4.47, 4.67)
   Total Material
     Flux                                 0 +/- 0
 Incoming Energy [4.67, 5.043)
   Total Material
     Flux                                 0 +/- 0
 Incoming Energy [5.043, 5.623)
   Total Material
     Flux                                 0 +/- 0
 Incoming Energy [5.623, 6.16)
   Total Material
     Flux                                 0 +/- 0
 Incoming Energy [6.16, 6.476)
   Total Material
     Flux                                 0 +/- 0
 Incoming Energy [6.476, 7.079)
   Total Material
     Flux                                 0 +/- 0
 Incoming Energy [7.079, 7.524)
   Total Material
     Flux                                 4.34385e-07 +/- 4.34385e-07
 Incoming Energy [7.524, 7.943)
   Total Material
     Flux                                 1.06778e-07 +/- 1.06778e-07
 Incoming Energy [7.943, 8.315)
   Total Material
     Flux                                 0 +/- 0
 Incoming Energy [8.315, 8.913)
   Total Material
     Flux                                 0 +/- 0
 Incoming Energy [8.913, 9.19)
   Total Material
     Flux                                 0 +/- 0
 Incoming Energy [9.19, 10)
   Total Material
     Flux                                 0 +/- 0
 Incoming Energy [10, 10.68)
   Total Material
     Flux                                 0 +/- 0
 Incoming Energy [10.68, 11.22)
   Total Material
     Flux                                 0 +/- 0
 Incoming Energy [11.22, 12.59)
   Total Material
     Flux                                 2.50226e-07 +/- 2.50226e-07
 Incoming Energy [12.59, 13.71)
   Total Material
     Flux                                 3.08453e-06 +/- 2.26475e-06
 Incoming Energy [13.71, 15.23)
   Total Material
     Flux                                 2.55464e-06 +/- 2.55464e-06
 Incoming Energy [15.23, 16.74)
   Total Material
     Flux                                 1.0574e-08 +/- 1.0574e-08
 Incoming Energy [16.74, 17.6)
   Total Material
     Flux                                 0 +/- 0
 Incoming Energy [17.6, 19.03)
   Total Material
     Flux                                 0 +/- 0
 Incoming Energy [19.03, 20.45)
   Total Material
     Flux                                 0 +/- 0
 Incoming Energy [20.45, 22.6)
   Total Material
     Flux                                 0 +/- 0
 Incoming Energy [22.6, 24.98)
   Total Material
     Flux                                 5.75851e-07 +/- 5.75851e-07
 Incoming Energy [24.98, 27.92)
   Total Material
     Flux                                 7.55946e-07 +/- 7.24326e-07
 Incoming Energy [27.92, 29.2)
   Total Material
     Flux                                 0 +/- 0
 Incoming Energy [29.2, 30.51)
   Total Material
     Flux                                 0 +/- 0
 Incoming Energy [30.51, 33.89)
   Total Material
     Flux                                 2.59676e-07 +/- 2.59676e-07
 Incoming Energy [33.89, 37.27)
   Total Material
     Flux                                 1.4884e-07 +/- 9.07574e-08
 Incoming Energy [37.27, 39.81)
   Total Material
     Flux                                 1.8183e-06 +/- 1.3833e-06
 Incoming Energy [39.81, 45.52)
   Total Material
     Flux                                 2.21831e-06 +/- 1.58021e-06
 Incoming Energy [45.52, 47.85)
   Total Material
     Flux                                 4.35249e-06 +/- 2.00929e-06
 Incoming Energy [47.85, 50.12)
   Total Material
     Flux                                 1.86499e-06 +/- 9.91418e-07
 Incoming Energy [50.12, 55.59)
   Total Material
     Flux                                 1.68081e-06 +/- 9.05119e-07
 Incoming Energy [55.59, 61.44)
   Total Material
     Flux                                 3.76652e-06 +/- 1.94805e-06
 Incoming Energy [61.44, 63.1)
   Total Material
     Flux                                 7.61093e-07 +/- 4.94273e-07
 Incoming Energy [63.1, 67.9)
   Total Material
     Flux                                 6.40715e-06 +/- 2.62412e-06
 Incoming Energy [67.9, 70.79)
   Total Material
     Flux                                 3.34869e-06 +/- 1.57817e-06
 Incoming Energy [70.79, 78.89)
   Total Material
     Flux                                 1.78816e-05 +/- 5.46266e-06
 Incoming Energy [78.89, 85.28)
   Total Material
     Flux                                 1.33823e-05 +/- 3.65522e-06
 Incoming Energy [85.28, 91.66)
   Total Material
     Flux                                 1.4924e-05 +/- 4.44798e-06
 Incoming Energy [91.66, 101.3)
   Total Material
     Flux                                 5.67481e-05 +/- 9.44417e-06
 Incoming Energy [101.3, 112.2)
   Total Material
     Flux                                 7.05165e-05 +/- 1.10368e-05
 Incoming Energy [112.2, 130.1)
   Total Material
     Flux                                 0.000193689 +/- 1.88496e-05
 Incoming Energy [130.1, 136.7)
   Total Material
     Flux                                 0.000105947 +/- 1.05214e-05
 Incoming Energy [136.7, 158.5)
   Total Material
     Flux                                 0.000535367 +/- 3.25748e-05
 Incoming Energy [158.5, 167)
   Total Material
     Flux                                 0.00022338 +/- 1.48858e-05
 Incoming Energy [167, 177.8)
   Total Material
     Flux                                 0.000562299 +/- 3.09408e-05
 Incoming Energy [177.8, 204)
   Total Material
     Flux                                 0.00144295 +/- 4.55742e-05
 Incoming Energy [204, 214.5)
   Total Material
     Flux                                 0.000919565 +/- 3.12586e-05
 Incoming Energy [214.5, 243)
   Total Material
     Flux                                 0.00334676 +/- 7.025e-05
 Incoming Energy [243, 275.4)
   Total Material
     Flux                                 0.0066386 +/- 0.000102774
 Incoming Energy [275.4, 304.3)
   Total Material
     Flux                                 0.00937665 +/- 0.000121576
 Incoming Energy [304.3, 353.6)
   Total Material
     Flux                                 0.0241482 +/- 0.000219354
 Incoming Energy [353.6, 398.1)
   Total Material
     Flux                                 0.025137 +/- 0.000193549
 Incoming Energy [398.1, 454)
   Total Material
     Flux                                 0.0492829 +/- 0.00030202
 Incoming Energy [454, 514.5)
   Total Material
     Flux                                 0.0761516 +/- 0.000414684
 Incoming Energy [514.5, 583)
   Total Material
     Flux                                 0.112505 +/- 0.000468911
 Incoming Energy [583, 631)
   Total Material
     Flux                                 0.109211 +/- 0.000397395
 Incoming Energy [631, 677.3)
   Total Material
     Flux                                 0.125389 +/- 0.000440799
 Incoming Energy [677.3, 707.9)
   Total Material
     Flux                                 0.0932731 +/- 0.000363782
 Incoming Energy [707.9, 748.5)
   Total Material
     Flux                                 0.128562 +/- 0.000434525
 Incoming Energy [748.5, 848.2)
   Total Material
     Flux                                 0.39897 +/- 0.000968194
 Incoming Energy [848.2, 961.1)
   Total Material
     Flux                                 0.509736 +/- 0.000996581
 Incoming Energy [961.1, 1010)
   Total Material
     Flux                                 0.247551 +/- 0.000625038
 Incoming Energy [1010, 1117)
   Total Material
     Flux                                 0.615322 +/- 0.00104685
 Incoming Energy [1117, 1234)
   Total Material
     Flux                                 0.685157 +/- 0.000977768
 Incoming Energy [1234, 1364)
   Total Material
     Flux                                 0.738171 +/- 0.00105702
 Incoming Energy [1364, 1507)
   Total Material
     Flux                                 0.929525 +/- 0.00121606
 Incoming Energy [1507, 1585)
   Total Material
     Flux                                 0.482214 +/- 0.000786659
 Incoming Energy [1585, 1796)
   Total Material
     Flux                                 1.1679 +/- 0.00124235
 Incoming Energy [1796, 2035)
   Total Material
     Flux                                 0.962092 +/- 0.00100221
 Incoming Energy [2035, 2113)
   Total Material
     Flux                                 0.219963 +/- 0.000379631
 Incoming Energy [2113, 2249)
   Total Material
     Flux                                 0.285842 +/- 0.000394712
 Incoming Energy [2249, 2371)
   Total Material
     Flux                                 0.157995 +/- 0.000237175
 Incoming Energy [2371, 2485)
   Total Material
     Flux                                 0.0906508 +/- 0.000128153
 Incoming Energy [2485, 2613)
   Total Material
     Flux                                 0.0539474 +/- 7.88699e-05
 Incoming Energy [2613, 2661)
   Total Material
     Flux                                 0.0117353 +/- 2.7121e-05
 Incoming Energy [2661, 2747)
   Total Material
     Flux                                 0.014309 +/- 2.46547e-05
 Incoming Energy [2747, 2818)
   Total Material
     Flux                                 0.00877668 +/- 1.57656e-05
 Incoming Energy [2818, 3035)
   Total Material
     Flux                                 0.0346549 +/- 4.21559e-05
 Incoming Energy [3035, 3162)
   Total Material
     Flux                                 0.0394505 +/- 6.47756e-05
 Incoming Energy [3162, 3355)
   Total Material
     Flux                                 0.100428 +/- 0.000132799
 Incoming Energy [3355, 3548)
   Total Material
     Flux                                 0.157699 +/- 0.000221111
 Incoming Energy [3548, 3707)
   Total Material
     Flux                                 0.169252 +/- 0.000258712
 Incoming Energy [3707, 3981)
   Total Material
     Flux                                 0.373729 +/- 0.000403785
 Incoming Energy [3981, 4307)
   Total Material
     Flux                                 0.568712 +/- 0.00061625
 Incoming Energy [4307, 4643)
   Total Material
     Flux                                 0.701001 +/- 0.000811036
 Incoming Energy [4643, 5004)
   Total Material
     Flux                                 0.861215 +/- 0.000898737
 Incoming Energy [5004, 5531)
   Total Material
     Flux                                 1.40458 +/- 0.00126898
 Incoming Energy [5531, 6267)
   Total Material
     Flux                                 2.15665 +/- 0.00187965
 Incoming Energy [6267, 7102)
   Total Material
     Flux                                 2.69152 +/- 0.00212336
 Incoming Energy [7102, 7466)
   Total Material
     Flux                                 1.24733 +/- 0.00132705
 Incoming Energy [7466, 8251)
   Total Material
     Flux                                 2.82326 +/- 0.00204581
 Incoming Energy [8251, 9119)
   Total Material
     Flux                                 1.18993 +/- 0.000978254
 Incoming Energy [9119, 10080)
   Total Material
     Flux                                 2.54999 +/- 0.00175985
 Incoming Energy [10080, 11140)
   Total Material
     Flux                                 3.07049 +/- 0.00212868
 Incoming Energy [11140, 11710)
   Total Material
     Flux                                 1.69802 +/- 0.00152438
 Incoming Energy [11710, 12730)
   Total Material
     Flux                                 3.09497 +/- 0.00206424
 Incoming Energy [12730, 13830)
   Total Material
     Flux                                 3.32178 +/- 0.00212926
 Incoming Energy [13830, 15030)
   Total Material
     Flux                                 3.64705 +/- 0.00216575
 Incoming Energy [15030, 15850)
   Total Material
     Flux                                 2.47893 +/- 0.00188897
 Incoming Energy [15850, 16620)
   Total Material
     Flux                                 2.34708 +/- 0.00173162
 Incoming Energy [16620, 17780)
   Total Material
     Flux                                 3.54867 +/- 0.00241662
 Incoming Energy [17780, 19310)
   Total Material
     Flux                                 4.556 +/- 0.00269694
 Incoming Energy [19310, 19950)
   Total Material
     Flux                                 1.97733 +/- 0.00164955
 Incoming Energy [19950, 20540)
   Total Material
     Flux                                 1.81029 +/- 0.00152411
 Incoming Energy [20540, 21130)
   Total Material
     Flux                                 1.78076 +/- 0.00153884
 Incoming Energy [21130, 21870)
   Total Material
     Flux                                 2.12199 +/- 0.0016527
 Incoming Energy [21870, 22390)
   Total Material
     Flux                                 1.54472 +/- 0.00138563
 Incoming Energy [22390, 23040)
   Total Material
     Flux                                 2.13026 +/- 0.00165897
 Incoming Energy [23040, 23580)
   Total Material
     Flux                                 1.86664 +/- 0.00154596
 Incoming Energy [23580, 24180)
   Total Material
     Flux                                 1.92358 +/- 0.00145032
 Incoming Energy [24180, 24410)
   Total Material
     Flux                                 0.614036 +/- 0.000765023
 Incoming Energy [24410, 24790)
   Total Material
     Flux                                 0.768793 +/- 0.000761965
 Incoming Energy [24790, 25120)
   Total Material
     Flux                                 0.38415 +/- 0.000425949
 Incoming Energy [25120, 25850)
   Total Material
     Flux                                 0.27536 +/- 0.000216684
 Incoming Energy [25850, 26060)
   Total Material
     Flux                                 0.0897419 +/- 0.000140278
 Incoming Energy [26060, 26610)
   Total Material
     Flux                                 0.433603 +/- 0.000407796
 Incoming Energy [26610, 27000)
   Total Material
     Flux                                 0.458011 +/- 0.000488168
 Incoming Energy [27000, 27380)
   Total Material
     Flux                                 0.535633 +/- 0.000525092
 Incoming Energy [27380, 28180)
   Total Material
     Flux                                 1.25462 +/- 0.00101571
 Incoming Energy [28180, 28500)
   Total Material
     Flux                                 0.578847 +/- 0.000620441
 Incoming Energy [28500, 29010)
   Total Material
     Flux                                 0.967937 +/- 0.000869145
 Incoming Energy [29010, 29850)
   Total Material
     Flux                                 1.63254 +/- 0.00124643
 Incoming Energy [29850, 30730)
   Total Material
     Flux                                 1.76923 +/- 0.00129195
 Incoming Energy [30730, 31620)
   Total Material
     Flux                                 1.79607 +/- 0.0013499
 Incoming Energy [31620, 31830)
   Total Material
     Flux                                 0.419435 +/- 0.000587042
 Incoming Energy [31830, 34310)
   Total Material
     Flux                                 4.99308 +/- 0.00264266
 Incoming Energy [34310, 36980)
   Total Material
     Flux                                 5.43348 +/- 0.00261028
 Incoming Energy [36980, 40870)
   Total Material
     Flux                                 7.71192 +/- 0.00352353
 Incoming Energy [40870, 43590)
   Total Material
     Flux                                 5.73005 +/- 0.0029101
 Incoming Energy [43590, 46310)
   Total Material
     Flux                                 5.84712 +/- 0.00290186
 Incoming Energy [46310, 49390)
   Total Material
     Flux                                 2.60913 +/- 0.00159566
 Incoming Energy [49390, 52480)
   Total Material
     Flux                                 3.26035 +/- 0.00185479
 Incoming Energy [52480, 55170)
   Total Material
     Flux                                 1.73142 +/- 0.00117501
 Incoming Energy [55170, 56560)
   Total Material
     Flux                                 1.3374 +/- 0.00102898
 Incoming Energy [56560, 61730)
   Total Material
     Flux                                 7.18213 +/- 0.00320553
 Incoming Energy [61730, 67380)
   Total Material
     Flux                                 7.4345 +/- 0.00305723
 Incoming Energy [67380, 72000)
   Total Material
     Flux                                 6.15615 +/- 0.00297618
 Incoming Energy [72000, 74990)
   Total Material
     Flux                                 3.97791 +/- 0.00207512
 Incoming Energy [74990, 79500)
   Total Material
     Flux                                 5.86514 +/- 0.00337203
 Incoming Energy [79500, 82300)
   Total Material
     Flux                                 3.36954 +/- 0.00216882
 Incoming Energy [82300, 82500)
   Total Material
     Flux                                 0.238965 +/- 0.000489399
 Incoming Energy [82500, 86520)
   Total Material
     Flux                                 5.29929 +/- 0.00282592
 Incoming Energy [86520, 98040)
   Total Material
     Flux                                 12.1199 +/- 0.00459979
 Incoming Energy [98040, 111100)
   Total Material
     Flux                                 13.0798 +/- 0.00431772
 Incoming Energy [111100, 116800)
   Total Material
     Flux                                 5.44159 +/- 0.00273898
 Incoming Energy [116800, 122800)
   Total Material
     Flux                                 6.06514 +/- 0.00317578
 Incoming Energy [122800, 129100)
   Total Material
     Flux                                 5.78119 +/- 0.002732
 Incoming Energy [129100, 135700)
   Total Material
     Flux                                 6.84741 +/- 0.0030999
 Incoming Energy [135700, 142600)
   Total Material
     Flux                                 3.19932 +/- 0.00183973
 Incoming Energy [142600, 150000)
   Total Material
     Flux                                 4.16508 +/- 0.00207343
 Incoming Energy [150000, 157600)
   Total Material
     Flux                                 5.18693 +/- 0.0026305
 Incoming Energy [157600, 165700)
   Total Material
     Flux                                 5.72861 +/- 0.00259065
 Incoming Energy [165700, 174200)
   Total Material
     Flux                                 5.98744 +/- 0.00257225
 Incoming Energy [174200, 183200)
   Total Material
     Flux                                 4.85607 +/- 0.00216579
 Incoming Energy [183200, 192500)
   Total Material
     Flux                                 4.60143 +/- 0.0024665
 Incoming Energy [192500, 202400)
   Total Material
     Flux                                 3.96293 +/- 0.00199978
 Incoming Energy [202400, 212800)
   Total Material
     Flux                                 4.41769 +/- 0.00217287
 Incoming Energy [212800, 223700)
   Total Material
     Flux                                 4.43532 +/- 0.00224752
 Incoming Energy [223700, 235200)
   Total Material
     Flux                                 4.83249 +/- 0.00253578
 Incoming Energy [235200, 247200)
   Total Material
     Flux                                 4.0801 +/- 0.00189494
 Incoming Energy [247200, 273200)
   Total Material
     Flux                                 10.775 +/- 0.00417264
 Incoming Energy [273200, 287300)
   Total Material
     Flux                                 6.2708 +/- 0.0028833
 Incoming Energy [287300, 294500)
   Total Material
     Flux                                 3.325 +/- 0.00225746
 Incoming Energy [294500, 297200)
   Total Material
     Flux                                 1.2788 +/- 0.00139349
 Incoming Energy [297200, 298500)
   Total Material
     Flux                                 0.498507 +/- 0.000716573
 Incoming Energy [298500, 302000)
   Total Material
     Flux                                 0.966101 +/- 0.000846798
 Incoming Energy [302000, 333700)
   Total Material
     Flux                                 9.88801 +/- 0.0039924
 Incoming Energy [333700, 368800)
   Total Material
     Flux                                 10.5095 +/- 0.0042203
 Incoming Energy [368800, 387700)
   Total Material
     Flux                                 3.97145 +/- 0.00224106
 Incoming Energy [387700, 407600)
   Total Material
     Flux                                 4.54104 +/- 0.00228307
 Incoming Energy [407600, 450500)
   Total Material
     Flux                                 7.53254 +/- 0.00342243
 Incoming Energy [450500, 523400)
   Total Material
     Flux                                 14.8773 +/- 0.00558123
 Incoming Energy [523400, 550200)
   Total Material
     Flux                                 4.15141 +/- 0.00250555
 Incoming Energy [550200, 578400)
   Total Material
     Flux                                 3.67197 +/- 0.00237213
 Incoming Energy [578400, 608100)
   Total Material
     Flux                                 3.30206 +/- 0.00208944
 Incoming Energy [608100, 639300)
   Total Material
     Flux                                 3.00124 +/- 0.0019233
 Incoming Energy [639300, 672100)
   Total Material
     Flux                                 3.01813 +/- 0.00223025
 Incoming Energy [672100, 706500)
   Total Material
     Flux                                 2.63217 +/- 0.00164503
 Incoming Energy [706500, 742700)
   Total Material
     Flux                                 2.43129 +/- 0.0017759
 Incoming Energy [742700, 780800)
   Total Material
     Flux                                 2.88177 +/- 0.00202487
 Incoming Energy [780800, 820900)
   Total Material
     Flux                                 2.68713 +/- 0.00205736
 Incoming Energy [820900, 862900)
   Total Material
     Flux                                 2.87198 +/- 0.00227023
 Incoming Energy [862900, 907200)
   Total Material
     Flux                                 2.64598 +/- 0.00218369
 Incoming Energy [907200, 961600)
   Total Material
     Flux                                 3.13635 +/- 0.00208024
 Incoming Energy [961600, 1003000)
   Total Material
     Flux                                 2.05105 +/- 0.00170249
 Incoming Energy [1003000, 1108000)
   Total Material
     Flux                                 4.95901 +/- 0.0033807
 Incoming Energy [1108000, 1165000)
   Total Material
     Flux                                 2.75337 +/- 0.00223713
 Incoming Energy [1165000, 1225000)
   Total Material
     Flux                                 2.58859 +/- 0.00213613
 Incoming Energy [1225000, 1287000)
   Total Material
     Flux                                 2.11122 +/- 0.00185535
 Incoming Energy [1287000, 1353000)
   Total Material
     Flux                                 2.06628 +/- 0.00171982
 Incoming Energy [1353000, 1423000)
   Total Material
     Flux                                 2.02638 +/- 0.00160463
 Incoming Energy [1423000, 1496000)
   Total Material
     Flux                                 1.91955 +/- 0.00174747
 Incoming Energy [1496000, 1572000)
   Total Material
     Flux                                 1.83772 +/- 0.0015629
 Incoming Energy [1572000, 1653000)
   Total Material
     Flux                                 1.68113 +/- 0.00158652
 Incoming Energy [1653000, 1738000)
   Total Material
     Flux                                 1.65134 +/- 0.00150898
 Incoming Energy [1738000, 1827000)
   Total Material
     Flux                                 1.5186 +/- 0.00155985
 Incoming Energy [1827000, 1921000)
   Total Material
     Flux                                 1.54894 +/- 0.0013594
 Incoming Energy [1921000, 2019000)
   Total Material
     Flux                                 1.36163 +/- 0.00131152
 Incoming Energy [2019000, 2122000)
   Total Material
     Flux                                 1.21717 +/- 0.00109165
 Incoming Energy [2122000, 2231000)
   Total Material
     Flux                                 1.18156 +/- 0.0011422
 Incoming Energy [2231000, 2307000)
   Total Material
     Flux                                 0.773453 +/- 0.000973521
 Incoming Energy [2307000, 2346000)
   Total Material
     Flux                                 0.382618 +/- 0.000583976
 Incoming Energy [2346000, 2365000)
   Total Material
     Flux                                 0.182303 +/- 0.000408867
 Incoming Energy [2365000, 2385000)
   Total Material
     Flux                                 0.186585 +/- 0.000405111
 Incoming Energy [2385000, 2466000)
   Total Material
     Flux                                 0.69443 +/- 0.000870011
 Incoming Energy [2466000, 2592000)
   Total Material
     Flux                                 1.00102 +/- 0.00114931
 Incoming Energy [2592000, 2725000)
   Total Material
     Flux                                 0.956855 +/- 0.00115553
 Incoming Energy [2725000, 2865000)
   Total Material
     Flux                                 0.874609 +/- 0.00111877
 Incoming Energy [2865000, 3012000)
   Total Material
     Flux                                 0.80574 +/- 0.0010167
 Incoming Energy [3012000, 3166000)
   Total Material
     Flux                                 0.755777 +/- 0.00106633
 Incoming Energy [3166000, 3329000)
   Total Material
     Flux                                 0.655708 +/- 0.000885576
 Incoming Energy [3329000, 3679000)
   Total Material
     Flux                                 1.09114 +/- 0.00130725
 Incoming Energy [3679000, 4066000)
   Total Material
     Flux                                 0.881827 +/- 0.00120309
 Incoming Energy [4066000, 4493000)
   Total Material
     Flux                                 0.689751 +/- 0.00108391
 Incoming Energy [4493000, 4724000)
   Total Material
     Flux                                 0.286676 +/- 0.000662165
 Incoming Energy [4724000, 4966000)
   Total Material
     Flux                                 0.248726 +/- 0.000558013
 Incoming Energy [4966000, 5220000)
   Total Material
     Flux                                 0.216959 +/- 0.000557
 Incoming Energy [5220000, 5488000)
   Total Material
     Flux                                 0.185748 +/- 0.000544396
 Incoming Energy [5488000, 5769000)
   Total Material
     Flux                                 0.161139 +/- 0.000517105
 Incoming Energy [5769000, 6065000)
   Total Material
     Flux                                 0.139522 +/- 0.000463466
 Incoming Energy [6065000, 6376000)
   Total Material
     Flux                                 0.116142 +/- 0.00042801
 Incoming Energy [6376000, 6592000)
   Total Material
     Flux                                 0.0666595 +/- 0.000341235
 Incoming Energy [6592000, 6703000)
   Total Material
     Flux                                 0.0302563 +/- 0.000205789
 Incoming Energy [6703000, 7047000)
   Total Material
     Flux                                 0.0803157 +/- 0.000370251
 Incoming Energy [7047000, 7408000)
   Total Material
     Flux                                 0.0654781 +/- 0.000307926
 Incoming Energy [7408000, 7788000)
   Total Material
     Flux                                 0.0523304 +/- 0.000300515
 Incoming Energy [7788000, 8187000)
   Total Material
     Flux                                 0.0416012 +/- 0.000258595
 Incoming Energy [8187000, 8607000)
   Total Material
     Flux                                 0.0326207 +/- 0.000255201
 Incoming Energy [8607000, 9048000)
   Total Material
     Flux                                 0.0252711 +/- 0.000195795
 Incoming Energy [9048000, 9512000)
   Total Material
     Flux                                 0.0193315 +/- 0.000198016
 Incoming Energy [9512000, 10000000)
   Total Material
     Flux                                 0.0143337 +/- 0.000167306
 Incoming Energy [10000000, 10510000)
   Total Material
     Flux                                 0.0102367 +/- 0.000138134
 Incoming Energy [10510000, 11050000)
   Total Material
     Flux                                 0.00712027 +/- 0.00012188
 Incoming Energy [11050000, 11620000)
   Total Material
     Flux                                 0.00528179 +/- 0.00010557
 Incoming Energy [11620000, 12210000)
   Total Material
     Flux                                 0.00340615 +/- 7.65837e-05
 Incoming Energy [12210000, 12840000)
   Total Material
     Flux                                 0.00241086 +/- 7.18986e-05
 Incoming Energy [12840000, 13500000)
   Total Material
     Flux                                 0.00148254 +/- 5.29223e-05
 Incoming Energy [13500000, 13840000)
   Total Material
     Flux                                 0.000540626 +/- 3.36661e-05
 Incoming Energy [13840000, 14190000)
   Total Material
     Flux                                 0.000405322 +/- 2.57729e-05
 Incoming Energy [14190000, 14550000)
   Total Material
     Flux                                 0.000372789 +/- 2.74371e-05
 Incoming Energy [14550000, 14920000)
   Total Material
     Flux                                 0.000255851 +/- 2.11275e-05
 Incoming Energy [14920000, 15680000)
   Total Material
     Flux                                 0.000316665 +/- 2.43529e-05
 Incoming Energy [15680000, 16490000)
   Total Material
     Flux                                 0.000182394 +/- 1.80272e-05
 Incoming Energy [16490000, 16910000)
   Total Material
     Flux                                 7.20523e-05 +/- 1.15592e-05
 Incoming Energy [16910000, 17330000)
   Total Material
     Flux                                 5.6649e-05 +/- 1.07934e-05
 Incoming Energy [17330000, 19640000)
   Total Material
     Flux                                 0.000102921 +/- 1.31126e-05
 ====================>     TALLY 28: IFP_KINETICS     <=====================

 Total Material
   IFP delayed fraction numerator       0.00530875 +/- 4.65996e-05
   IFP common denominator               0.999336 +/- 0.000261951
   IFP lifetime numerator               9.11339e-07 +/- 1.00213e-09
 ==================>     TALLY 29: IFP_BETA_BY_GROUP     <==================

 Delayed Group 1
   Total Material
     IFP delayed fraction numerator       0.00015285 +/- 8.99648e-06
 Delayed Group 2
   Total Material
     IFP delayed fraction numerator       0.00093175 +/- 1.91335e-05
 Delayed Group 3
   Total Material
     IFP delayed fraction numerator       0.0008476 +/- 1.91304e-05
 Delayed Group 4
   Total Material
     IFP delayed fraction numerator       0.00201515 +/- 2.86431e-05
 Delayed Group 5
   Total Material
     IFP delayed fraction numerator       0.0009649 +/- 1.86407e-05
 Delayed Group 6
   Total Material
     IFP delayed fraction numerator       0.0003965 +/- 1.33569e-05
 =====================>     TALLY 30: FLUX_TOTAL     <======================

 Total Material
   Flux                                 418.365 +/- 0.0672186
 ==================>     TALLY 31: RR_SALT_MT1_MT102     <==================

 Na23
   Total Reaction Rate                  15.1635 +/- 0.00280725
   (n,gamma)                            0.00353569 +/- 2.29134e-06
 Cl35
   Total Reaction Rate                  0.193403 +/- 3.12324e-05
   (n,gamma)                            0.000427961 +/- 4.69122e-07
 Cl37
   Total Reaction Rate                  14.9232 +/- 0.00222416
   (n,gamma)                            0.00650017 +/- 1.76098e-06
 ===============>     TALLY 32: RR_FUEL_MT1_MT18_MT102     <================

 U235
   Total Reaction Rate                  1.87957 +/- 0.00034992
   Fission Rate                         0.28967 +/- 6.16097e-05
   (n,gamma)                            0.0796477 +/- 2.27024e-05
 U238
   Total Reaction Rate                  14.3206 +/- 0.00257026
   Fission Rate                         0.0429606 +/- 1.39216e-05
   (n,gamma)                            0.326198 +/- 8.3155e-05
 ===========================>     TALLY 33     <============================

 Internal

