 ====================>     TALLY 1: FLUX_SPECTRUM     <=====================

 Incoming Energy [1e-05, 0.00011)
   Total Material
     Flux                                 0 +/- 0
 Incoming Energy [0.00011, 0.003)
   Total Material
     Flux                                 0 +/- 0
 Incoming Energy [0.003, 0.0055)
   Total Material
     Flux                                 0 +/- 0
 Incoming Energy [0.0055, 0.01)
   Total Material
     Flux                                 2.18856e-08 +/- 2.18856e-08
 Incoming Energy [0.01, 0.015)
   Total Material
     Flux                                 1.79067e-08 +/- 1.79067e-08
 Incoming Energy [0.015, 0.02)
   Total Material
     Flux                                 0 +/- 0
 Incoming Energy [0.02, 0.03)
   Total Material
     Flux                                 0 +/- 0
 Incoming Energy [0.03, 0.032)
   Total Material
     Flux                                 0 +/- 0
 Incoming Energy [0.032, 0.03238)
   Total Material
     Flux                                 0 +/- 0
 Incoming Energy [0.03238, 0.043)
   Total Material
     Flux                                 0 +/- 0
 Incoming Energy [0.043, 0.059)
   Total Material
     Flux                                 0 +/- 0
 Incoming Energy [0.059, 0.077)
   Total Material
     Flux                                 0 +/- 0
 Incoming Energy [0.077, 0.095)
   Total Material
     Flux                                 0 +/- 0
 Incoming Energy [0.095, 0.1)
   Total Material
     Flux                                 0 +/- 0
 Incoming Energy [0.1, 0.115)
   Total Material
     Flux                                 0 +/- 0
 Incoming Energy [0.115, 0.134)
   Total Material
     Flux                                 0 +/- 0
 Incoming Energy [0.134, 0.16)
   Total Material
     Flux                                 0 +/- 0
 Incoming Energy [0.16, 0.189)
   Total Material
     Flux                                 0 +/- 0
 Incoming Energy [0.189, 0.22)
   Total Material
     Flux                                 0 +/- 0
 Incoming Energy [0.22, 0.248)
   Total Material
     Flux                                 0 +/- 0
 Incoming Energy [0.248, 0.2825)
   Total Material
     Flux                                 0 +/- 0
 Incoming Energy [0.2825, 0.3145)
   Total Material
     Flux                                 0 +/- 0
 Incoming Energy [0.3145, 0.352)
   Total Material
     Flux                                 0 +/- 0
 Incoming Energy [0.352, 0.391)
   Total Material
     Flux                                 5.94475e-08 +/- 5.94475e-08
 Incoming Energy [0.391, 0.414)
   Total Material
     Flux                                 0 +/- 0
 Incoming Energy [0.414, 0.433)
   Total Material
     Flux                                 0 +/- 0
 Incoming Energy [0.433, 0.485)
   Total Material
     Flux                                 1.6981e-08 +/- 1.6981e-08
 Incoming Energy [0.485, 0.5316)
   Total Material
     Flux                                 0 +/- 0
 Incoming Energy [0.5316, 0.54)
   Total Material
     Flux                                 0 +/- 0
 Incoming Energy [0.54, 0.625)
   Total Material
     Flux                                 2.00803e-09 +/- 2.00803e-09
 Incoming Energy [0.625, 0.6826)
   Total Material
     Flux                                 0 +/- 0
 Incoming Energy [0.6826, 0.705)
   Total Material
     Flux                                 0 +/- 0
 Incoming Energy [0.705, 0.79)
   Total Material
     Flux                                 0 +/- 0
 Incoming Energy [0.79, 0.86)
   Total Material
     Flux                                 0 +/- 0
 Incoming Energy [0.86, 0.8764)
   Total Material
     Flux                                 0 +/- 0
 Incoming Energy [0.8764, 0.93)
   Total Material
     Flux                                 0 +/- 0
 Incoming Energy [0.93, 0.986)
   Total Material
     Flux                                 0 +/- 0
 Incoming Energy [0.986, 1.01)
   Total Material
     Flux                                 0 +/- 0
 Incoming Energy [1.01, 1.035)
   Total Material
     Flux                                 0 +/- 0
 Incoming Energy [1.035, 1.07)
   Total Material
     Flux                                 9.17454e-08 +/- 9.17454e-08
 Incoming Energy [1.07, 1.08)
   Total Material
     Flux                                 0 +/- 0
 Incoming Energy [1.08, 1.09)
   Total Material
     Flux                                 0 +/- 0
 Incoming Energy [1.09, 1.11)
   Total Material
     Flux                                 0 +/- 0
 Incoming Energy [1.11, 1.125)
   Total Material
     Flux                                 0 +/- 0
 Incoming Energy [1.125, 1.17)
   Total Material
     Flux                                 0 +/- 0
 Incoming Energy [1.17, 1.235)
   Total Material
     Flux                                 0 +/- 0
 Incoming Energy [1.235, 1.305)
   Total Material
     Flux                                 8.70281e-08 +/- 8.70281e-08
 Incoming Energy [1.305, 1.37)
   Total Material
     Flux                                 0 +/- 0
 Incoming Energy [1.37, 1.44)
   Total Material
     Flux                                 0 +/- 0
 Incoming Energy [1.44, 1.445)
   Total Material
     Flux                                 0 +/- 0
 Incoming Energy [1.445, 1.51)
   Total Material
     Flux                                 0 +/- 0
 Incoming Energy [1.51, 1.59)
   Total Material
     Flux                                 0 +/- 0
 Incoming Energy [1.59, 1.67)
   Total Material
     Flux                                 0 +/- 0
 Incoming Energy [1.67, 1.755)
   Total Material
     Flux                                 0 +/- 0
 Incoming Energy [1.755, 1.84)
   Total Material
     Flux                                 0 +/- 0
 Incoming Energy [1.84, 1.855)
   Total Material
     Flux                                 0 +/- 0
 Incoming Energy [1.855, 1.93)
   Total Material
     Flux                                 9.61926e-08 +/- 9.61926e-08
 Incoming Energy [1.93, 2.02)
   Total Material
     Flux                                 0 +/- 0
 Incoming Energy [2.02, 2.13)
   Total Material
     Flux                                 1.56584e-07 +/- 1.56584e-07
 Incoming Energy [2.13, 2.36)
   Total Material
     Flux                                 7.35784e-07 +/- 7.35784e-07
 Incoming Energy [2.36, 2.372)
   Total Material
     Flux                                 0 +/- 0
 Incoming Energy [2.372, 2.768)
   Total Material
     Flux                                 2.49685e-07 +/- 2.49685e-07
 Incoming Energy [2.768, 3.059)
   Total Material
     Flux                                 0 +/- 0
 Incoming Energy [3.059, 3.381)
   Total Material
     Flux                                 8.36882e-07 +/- 7.20837e-07
 Incoming Energy [3.381, 3.928)
   Total Material
     Flux                                 4.72603e-07 +/- 4.24025e-07
 Incoming Energy [3.928, 4.129)
   Total Material
     Flux                                 0 +/- 0
 Incoming Energy [4.129, 4.47)
   Total Material
     Flux                                 1.45103e-07 +/- 9.41506e-08
 Incoming Energy [4.47, 4.67)
   Total Material
     Flux                                 1.01009e-07 +/- 1.01009e-07
 Incoming Energy [4.67, 5.043)
   Total Material
     Flux                                 0 +/- 0
 Incoming Energy [5.043, 5.623)
   Total Material
     Flux                                 2.05089e-08 +/- 1.59137e-08
 Incoming Energy [5.623, 6.16)
   Total Material
     Flux                                 3.19142e-08 +/- 2.81511e-08
 Incoming Energy [6.16, 6.476)
   Total Material
     Flux                                 1.25624e-07 +/- 1.25624e-07
 Incoming Energy [6.476, 7.079)
   Total Material
     Flux                                 2.32079e-07 +/- 1.9409e-07
 Incoming Energy [7.079, 7.524)
   Total Material
     Flux                                 2.89914e-07 +/- 1.58289e-07
 Incoming Energy [7.524, 7.943)
   Total Material
     Flux                                 1.13884e-06 +/- 7.58522e-07
 Incoming Energy [7.943, 8.315)
   Total Material
     Flux                                 2.75693e-07 +/- 2.29306e-07
 Incoming Energy [8.315, 8.913)
   Total Material
     Flux                                 8.33974e-07 +/- 6.80723e-07
 Incoming Energy [8.913, 9.19)
   Total Material
     Flux                                 3.7511e-07 +/- 3.7511e-07
 Incoming Energy [9.19, 10)
   Total Material
     Flux                                 6.49438e-07 +/- 6.28046e-07
 Incoming Energy [10, 10.68)
   Total Material
     Flux                                 2.9879e-08 +/- 2.9879e-08
 Incoming Energy [10.68, 11.22)
   Total Material
     Flux                                 4.33728e-08 +/- 2.06916e-08
 Incoming Energy [11.22, 12.59)
   Total Material
     Flux                                 1.49825e-06 +/- 6.87901e-07
 Incoming Energy [12.59, 13.71)
   Total Material
     Flux                                 1.88157e-06 +/- 1.24982e-06
 Incoming Energy [13.71, 15.23)
   Total Material
     Flux                                 4.37328e-07 +/- 2.48794e-07
 Incoming Energy [15.23, 16.74)
   Total Material
     Flux                                 2.05256e-06 +/- 1.23178e-06
 Incoming Energy [16.74, 17.6)
   Total Material
     Flux                                 1.63583e-06 +/- 9.81253e-07
 Incoming Energy [17.6, 19.03)
   Total Material
     Flux                                 8.09545e-07 +/- 3.21401e-07
 Incoming Energy [19.03, 20.45)
   Total Material
     Flux                                 3.23453e-06 +/- 1.31983e-06
 Incoming Energy [20.45, 22.6)
   Total Material
     Flux                                 1.7554e-06 +/- 7.5652e-07
 Incoming Energy [22.6, 24.98)
   Total Material
     Flux                                 3.37594e-06 +/- 1.46876e-06
 Incoming Energy [24.98, 27.92)
   Total Material
     Flux                                 4.60811e-06 +/- 1.53874e-06
 Incoming Energy [27.92, 29.2)
   Total Material
     Flux                                 4.38423e-07 +/- 2.75347e-07
 Incoming Energy [29.2, 30.51)
   Total Material
     Flux                                 1.5433e-06 +/- 8.54882e-07
 Incoming Energy [30.51, 33.89)
   Total Material
     Flux                                 5.33077e-06 +/- 1.69671e-06
 Incoming Energy [33.89, 37.27)
   Total Material
     Flux                                 7.35251e-06 +/- 2.27502e-06
 Incoming Energy [37.27, 39.81)
   Total Material
     Flux                                 2.94591e-06 +/- 1.28782e-06
 Incoming Energy [39.81, 45.52)
   Total Material
     Flux                                 7.37982e-06 +/- 2.25268e-06
 Incoming Energy [45.52, 47.85)
   Total Material
     Flux                                 1.59534e-06 +/- 5.43435e-07
 Incoming Energy [47.85, 50.12)
   Total Material
     Flux                                 2.37017e-06 +/- 1.04768e-06
 Incoming Energy [50.12, 55.59)
   Total Material
     Flux                                 1.4102e-05 +/- 3.29096e-06
 Incoming Energy [55.59, 61.44)
   Total Material
     Flux                                 1.10363e-05 +/- 3.87767e-06
 Incoming Energy [61.44, 63.1)
   Total Material
     Flux                                 1.23885e-06 +/- 6.62134e-07
 Incoming Energy [63.1, 67.9)
   Total Material
     Flux                                 5.37094e-06 +/- 1.46757e-06
 Incoming Energy [67.9, 70.79)
   Total Material
     Flux                                 3.53142e-06 +/- 1.20797e-06
 Incoming Energy [70.79, 78.89)
   Total Material
     Flux                                 1.59397e-05 +/- 3.75013e-06
 Incoming Energy [78.89, 85.28)
   Total Material
     Flux                                 1.13272e-05 +/- 2.7469e-06
 Incoming Energy [85.28, 91.66)
   Total Material
     Flux                                 7.51518e-06 +/- 1.67359e-06
 Incoming Energy [91.66, 101.3)
   Total Material
     Flux                                 1.11232e-05 +/- 2.21669e-06
 Incoming Energy [101.3, 112.2)
   Total Material
     Flux                                 1.73759e-05 +/- 3.8026e-06
 Incoming Energy [112.2, 130.1)
   Total Material
     Flux                                 4.56864e-05 +/- 6.60845e-06
 Incoming Energy [130.1, 136.7)
   Total Material
     Flux                                 2.62421e-05 +/- 5.09379e-06
 Incoming Energy [136.7, 158.5)
   Total Material
     Flux                                 7.53404e-05 +/- 9.4962e-06
 Incoming Energy [158.5, 167)
   Total Material
     Flux                                 2.57473e-05 +/- 4.34395e-06
 Incoming Energy [167, 177.8)
   Total Material
     Flux                                 3.20499e-05 +/- 4.71649e-06
 Incoming Energy [177.8, 204)
   Total Material
     Flux                                 8.00622e-05 +/- 8.17942e-06
 Incoming Energy [204, 214.5)
   Total Material
     Flux                                 3.90968e-05 +/- 5.0694e-06
 Incoming Energy [214.5, 243)
   Total Material
     Flux                                 9.29857e-05 +/- 8.43133e-06
 Incoming Energy [243, 275.4)
   Total Material
     Flux                                 0.000112889 +/- 1.03435e-05
 Incoming Energy [275.4, 304.3)
   Total Material
     Flux                                 0.000103354 +/- 9.27314e-06
 Incoming Energy [304.3, 353.6)
   Total Material
     Flux                                 0.000210812 +/- 1.39874e-05
 Incoming Energy [353.6, 398.1)
   Total Material
     Flux                                 0.000172308 +/- 1.31976e-05
 Incoming Energy [398.1, 454)
   Total Material
     Flux                                 0.000297167 +/- 1.98836e-05
 Incoming Energy [454, 514.5)
   Total Material
     Flux                                 0.000322762 +/- 2.02247e-05
 Incoming Energy [514.5, 583)
   Total Material
     Flux                                 0.000335233 +/- 1.66051e-05
 Incoming Energy [583, 631)
   Total Material
     Flux                                 0.000317824 +/- 1.95941e-05
 Incoming Energy [631, 677.3)
   Total Material
     Flux                                 0.000292316 +/- 1.68235e-05
 Incoming Energy [677.3, 707.9)
   Total Material
     Flux                                 0.000197677 +/- 1.30294e-05
 Incoming Energy [707.9, 748.5)
   Total Material
     Flux                                 0.000297508 +/- 1.79806e-05
 Incoming Energy [748.5, 848.2)
   Total Material
     Flux                                 0.000793363 +/- 3.17971e-05
 Incoming Energy [848.2, 961.1)
   Total Material
     Flux                                 0.000993524 +/- 3.45395e-05
 Incoming Energy [961.1, 1010)
   Total Material
     Flux                                 0.000514879 +/- 2.30305e-05
 Incoming Energy [1010, 1117)
   Total Material
     Flux                                 0.00132437 +/- 4.04576e-05
 Incoming Energy [1117, 1234)
   Total Material
     Flux                                 0.00153136 +/- 4.44972e-05
 Incoming Energy [1234, 1364)
   Total Material
     Flux                                 0.00181881 +/- 4.72661e-05
 Incoming Energy [1364, 1507)
   Total Material
     Flux                                 0.00247646 +/- 5.98827e-05
 Incoming Energy [1507, 1585)
   Total Material
     Flux                                 0.00142028 +/- 4.02517e-05
 Incoming Energy [1585, 1796)
   Total Material
     Flux                                 0.00467507 +/- 8.95296e-05
 Incoming Energy [1796, 2035)
   Total Material
     Flux                                 0.00639295 +/- 9.63779e-05
 Incoming Energy [2035, 2113)
   Total Material
     Flux                                 0.00248694 +/- 5.93056e-05
 Incoming Energy [2113, 2249)
   Total Material
     Flux                                 0.00454261 +/- 8.11202e-05
 Incoming Energy [2249, 2371)
   Total Material
     Flux                                 0.00463067 +/- 8.03575e-05
 Incoming Energy [2371, 2485)
   Total Material
     Flux                                 0.00452861 +/- 7.41368e-05
 Incoming Energy [2485, 2613)
   Total Material
     Flux                                 0.00560742 +/- 8.41696e-05
 Incoming Energy [2613, 2661)
   Total Material
     Flux                                 0.00220625 +/- 5.23314e-05
 Incoming Energy [2661, 2747)
   Total Material
     Flux                                 0.00397377 +/- 6.05663e-05
 Incoming Energy [2747, 2818)
   Total Material
     Flux                                 0.00329251 +/- 5.68415e-05
 Incoming Energy [2818, 3035)
   Total Material
     Flux                                 0.011538 +/- 0.000123907
 Incoming Energy [3035, 3162)
   Total Material
     Flux                                 0.00758003 +/- 0.000100636
 Incoming Energy [3162, 3355)
   Total Material
     Flux                                 0.01251 +/- 0.000141247
 Incoming Energy [3355, 3548)
   Total Material
     Flux                                 0.0138914 +/- 0.00014476
 Incoming Energy [3548, 3707)
   Total Material
     Flux                                 0.0123056 +/- 0.000131654
 Incoming Energy [3707, 3981)
   Total Material
     Flux                                 0.0235543 +/- 0.000181996
 Incoming Energy [3981, 4307)
   Total Material
     Flux                                 0.0321676 +/- 0.000255242
 Incoming Energy [4307, 4643)
   Total Material
     Flux                                 0.039147 +/- 0.000290383
 Incoming Energy [4643, 5004)
   Total Material
     Flux                                 0.0440422 +/- 0.000304977
 Incoming Energy [5004, 5531)
   Total Material
     Flux                                 0.068034 +/- 0.000365757
 Incoming Energy [5531, 6267)
   Total Material
     Flux                                 0.108895 +/- 0.000503499
 Incoming Energy [6267, 7102)
   Total Material
     Flux                                 0.167117 +/- 0.000667757
 Incoming Energy [7102, 7466)
   Total Material
     Flux                                 0.126336 +/- 0.000478665
 Incoming Energy [7466, 8251)
   Total Material
     Flux                                 0.283116 +/- 0.000806063
 Incoming Energy [8251, 9119)
   Total Material
     Flux                                 0.0920444 +/- 0.000291144
 Incoming Energy [9119, 10080)
   Total Material
     Flux                                 0.219258 +/- 0.00064678
 Incoming Energy [10080, 11140)
   Total Material
     Flux                                 0.293399 +/- 0.000731297
 Incoming Energy [11140, 11710)
   Total Material
     Flux                                 0.173027 +/- 0.00054652
 Incoming Energy [11710, 12730)
   Total Material
     Flux                                 0.331956 +/- 0.000780892
 Incoming Energy [12730, 13830)
   Total Material
     Flux                                 0.392773 +/- 0.000809496
 Incoming Energy [13830, 15030)
   Total Material
     Flux                                 0.41041 +/- 0.000879731
 Incoming Energy [15030, 15850)
   Total Material
     Flux                                 0.293607 +/- 0.000704447
 Incoming Energy [15850, 16620)
   Total Material
     Flux                                 0.27778 +/- 0.000668537
 Incoming Energy [16620, 17780)
   Total Material
     Flux                                 0.428726 +/- 0.000881179
 Incoming Energy [17780, 19310)
   Total Material
     Flux                                 0.636766 +/- 0.00109142
 Incoming Energy [19310, 19950)
   Total Material
     Flux                                 0.29485 +/- 0.000735953
 Incoming Energy [19950, 20540)
   Total Material
     Flux                                 0.293804 +/- 0.000655718
 Incoming Energy [20540, 21130)
   Total Material
     Flux                                 0.325348 +/- 0.000702065
 Incoming Energy [21130, 21870)
   Total Material
     Flux                                 0.447033 +/- 0.000847892
 Incoming Energy [21870, 22390)
   Total Material
     Flux                                 0.36083 +/- 0.000727295
 Incoming Energy [22390, 23040)
   Total Material
     Flux                                 0.512054 +/- 0.000824097
 Incoming Energy [23040, 23580)
   Total Material
     Flux                                 0.439856 +/- 0.000764368
 Incoming Energy [23580, 24180)
   Total Material
     Flux                                 0.431942 +/- 0.000789538
 Incoming Energy [24180, 24410)
   Total Material
     Flux                                 0.129693 +/- 0.000365443
 Incoming Energy [24410, 24790)
   Total Material
     Flux                                 0.153674 +/- 0.000345752
 Incoming Energy [24790, 25120)
   Total Material
     Flux                                 0.0710781 +/- 0.000196454
 Incoming Energy [25120, 25850)
   Total Material
     Flux                                 0.0469159 +/- 9.3198e-05
 Incoming Energy [25850, 26060)
   Total Material
     Flux                                 0.0151469 +/- 5.26324e-05
 Incoming Energy [26060, 26610)
   Total Material
     Flux                                 0.0718238 +/- 0.000151701
 Incoming Energy [26610, 27000)
   Total Material
     Flux                                 0.0753344 +/- 0.000185179
 Incoming Energy [27000, 27380)
   Total Material
     Flux                                 0.0946293 +/- 0.000238783
 Incoming Energy [27380, 28180)
   Total Material
     Flux                                 0.229793 +/- 0.000448642
 Incoming Energy [28180, 28500)
   Total Material
     Flux                                 0.108424 +/- 0.0003292
 Incoming Energy [28500, 29010)
   Total Material
     Flux                                 0.182606 +/- 0.000436123
 Incoming Energy [29010, 29850)
   Total Material
     Flux                                 0.31219 +/- 0.000640317
 Incoming Energy [29850, 30730)
   Total Material
     Flux                                 0.340877 +/- 0.000607938
 Incoming Energy [30730, 31620)
   Total Material
     Flux                                 0.348162 +/- 0.000657154
 Incoming Energy [31620, 31830)
   Total Material
     Flux                                 0.0799383 +/- 0.000268593
 Incoming Energy [31830, 34310)
   Total Material
     Flux                                 0.982783 +/- 0.00136569
 Incoming Energy [34310, 36980)
   Total Material
     Flux                                 1.14852 +/- 0.00165387
 Incoming Energy [36980, 40870)
   Total Material
     Flux                                 1.83908 +/- 0.00236228
 Incoming Energy [40870, 43590)
   Total Material
     Flux                                 1.64959 +/- 0.00192272
 Incoming Energy [43590, 46310)
   Total Material
     Flux                                 1.69534 +/- 0.00183012
 Incoming Energy [46310, 49390)
   Total Material
     Flux                                 0.741486 +/- 0.000959759
 Incoming Energy [49390, 52480)
   Total Material
     Flux                                 1.28116 +/- 0.00142729
 Incoming Energy [52480, 55170)
   Total Material
     Flux                                 1.04706 +/- 0.00133243
 Incoming Energy [55170, 56560)
   Total Material
     Flux                                 0.425889 +/- 0.000718861
 Incoming Energy [56560, 61730)
   Total Material
     Flux                                 2.18637 +/- 0.00224357
 Incoming Energy [61730, 67380)
   Total Material
     Flux                                 2.24039 +/- 0.00224355
 Incoming Energy [67380, 72000)
   Total Material
     Flux                                 1.90777 +/- 0.00199719
 Incoming Energy [72000, 74990)
   Total Material
     Flux                                 1.26124 +/- 0.00154791
 Incoming Energy [74990, 79500)
   Total Material
     Flux                                 1.93345 +/- 0.00201855
 Incoming Energy [79500, 82300)
   Total Material
     Flux                                 1.22918 +/- 0.00157021
 Incoming Energy [82300, 82500)
   Total Material
     Flux                                 0.0901126 +/- 0.000313404
 Incoming Energy [82500, 86520)
   Total Material
     Flux                                 2.0458 +/- 0.00198809
 Incoming Energy [86520, 98040)
   Total Material
     Flux                                 4.70308 +/- 0.00334031
 Incoming Energy [98040, 111100)
   Total Material
     Flux                                 5.01452 +/- 0.00370211
 Incoming Energy [111100, 116800)
   Total Material
     Flux                                 2.22303 +/- 0.00186601
 Incoming Energy [116800, 122800)
   Total Material
     Flux                                 2.92656 +/- 0.00246486
 Incoming Energy [122800, 129100)
   Total Material
     Flux                                 2.84319 +/- 0.00234672
 Incoming Energy [129100, 135700)
   Total Material
     Flux                                 3.39202 +/- 0.00261343
 Incoming Energy [135700, 142600)
   Total Material
     Flux                                 1.40752 +/- 0.00116017
 Incoming Energy [142600, 150000)
   Total Material
     Flux                                 1.95968 +/- 0.00176174
 Incoming Energy [150000, 157600)
   Total Material
     Flux                                 2.6204 +/- 0.00202736
 Incoming Energy [157600, 165700)
   Total Material
     Flux                                 2.93118 +/- 0.0021615
 Incoming Energy [165700, 174200)
   Total Material
     Flux                                 2.93412 +/- 0.00225517
 Incoming Energy [174200, 183200)
   Total Material
     Flux                                 2.14972 +/- 0.00171564
 Incoming Energy [183200, 192500)
   Total Material
     Flux                                 1.92725 +/- 0.00172563
 Incoming Energy [192500, 202400)
   Total Material
     Flux                                 1.87474 +/- 0.00172972
 Incoming Energy [202400, 212800)
   Total Material
     Flux                                 1.66775 +/- 0.0016717
 Incoming Energy [212800, 223700)
   Total Material
     Flux                                 1.28036 +/- 0.0013435
 Incoming Energy [223700, 235200)
   Total Material
     Flux                                 1.03341 +/- 0.00108065
 Incoming Energy [235200, 247200)
   Total Material
     Flux                                 0.751449 +/- 0.000825281
 Incoming Energy [247200, 273200)
   Total Material
     Flux                                 1.05354 +/- 0.000855624
 Incoming Energy [273200, 287300)
   Total Material
     Flux                                 0.864516 +/- 0.000923195
 Incoming Energy [287300, 294500)
   Total Material
     Flux                                 0.584094 +/- 0.000807176
 Incoming Energy [294500, 297200)
   Total Material
     Flux                                 0.236337 +/- 0.000470017
 Incoming Energy [297200, 298500)
   Total Material
     Flux                                 0.117559 +/- 0.000337602
 Incoming Energy [298500, 302000)
   Total Material
     Flux                                 0.296482 +/- 0.000498997
 Incoming Energy [302000, 333700)
   Total Material
     Flux                                 3.0193 +/- 0.0022351
 Incoming Energy [333700, 368800)
   Total Material
     Flux                                 3.8362 +/- 0.00273436
 Incoming Energy [368800, 387700)
   Total Material
     Flux                                 1.67269 +/- 0.00164136
 Incoming Energy [387700, 407600)
   Total Material
     Flux                                 2.29316 +/- 0.00207339
 Incoming Energy [407600, 450500)
   Total Material
     Flux                                 3.45122 +/- 0.00263789
 Incoming Energy [450500, 523400)
   Total Material
     Flux                                 6.40808 +/- 0.00414776
 Incoming Energy [523400, 550200)
   Total Material
     Flux                                 2.12912 +/- 0.00182235
 Incoming Energy [550200, 578400)
   Total Material
     Flux                                 2.02532 +/- 0.0018684
 Incoming Energy [578400, 608100)
   Total Material
     Flux                                 2.07838 +/- 0.00179793
 Incoming Energy [608100, 639300)
   Total Material
     Flux                                 2.05838 +/- 0.00183339
 Incoming Energy [639300, 672100)
   Total Material
     Flux                                 2.14518 +/- 0.00180995
 Incoming Energy [672100, 706500)
   Total Material
     Flux                                 2.09891 +/- 0.00187389
 Incoming Energy [706500, 742700)
   Total Material
     Flux                                 2.05526 +/- 0.00187511
 Incoming Energy [742700, 780800)
   Total Material
     Flux                                 2.11683 +/- 0.00200096
 Incoming Energy [780800, 820900)
   Total Material
     Flux                                 2.09214 +/- 0.00199923
 Incoming Energy [820900, 862900)
   Total Material
     Flux                                 1.96131 +/- 0.00193151
 Incoming Energy [862900, 907200)
   Total Material
     Flux                                 1.77467 +/- 0.00186833
 Incoming Energy [907200, 961600)
   Total Material
     Flux                                 2.16952 +/- 0.00202131
 Incoming Energy [961600, 1003000)
   Total Material
     Flux                                 1.40937 +/- 0.00146621
 Incoming Energy [1003000, 1108000)
   Total Material
     Flux                                 3.53596 +/- 0.00266697
 Incoming Energy [1108000, 1165000)
   Total Material
     Flux                                 1.96343 +/- 0.00204175
 Incoming Energy [1165000, 1225000)
   Total Material
     Flux                                 1.92579 +/- 0.00177563
 Incoming Energy [1225000, 1287000)
   Total Material
     Flux                                 1.55049 +/- 0.00154395
 Incoming Energy [1287000, 1353000)
   Total Material
     Flux                                 1.5438 +/- 0.00145939
 Incoming Energy [1353000, 1423000)
   Total Material
     Flux                                 1.53165 +/- 0.00137591
 Incoming Energy [1423000, 1496000)
   Total Material
     Flux                                 1.48796 +/- 0.00136074
 Incoming Energy [1496000, 1572000)
   Total Material
     Flux                                 1.4406 +/- 0.00136461
 Incoming Energy [1572000, 1653000)
   Total Material
     Flux                                 1.41729 +/- 0.00136516
 Incoming Energy [1653000, 1738000)
   Total Material
     Flux                                 1.36427 +/- 0.001308
 Incoming Energy [1738000, 1827000)
   Total Material
     Flux                                 1.29825 +/- 0.0012781
 Incoming Energy [1827000, 1921000)
   Total Material
     Flux                                 1.24028 +/- 0.00120569
 Incoming Energy [1921000, 2019000)
   Total Material
     Flux                                 1.16462 +/- 0.00121146
 Incoming Energy [2019000, 2122000)
   Total Material
     Flux                                 1.10505 +/- 0.00120187
 Incoming Energy [2122000, 2231000)
   Total Material
     Flux                                 1.05249 +/- 0.00110786
 Incoming Energy [2231000, 2307000)
   Total Material
     Flux                                 0.671851 +/- 0.000882036
 Incoming Energy [2307000, 2346000)
   Total Material
     Flux                                 0.327204 +/- 0.000536532
 Incoming Energy [2346000, 2365000)
   Total Material
     Flux                                 0.154623 +/- 0.000376551
 Incoming Energy [2365000, 2385000)
   Total Material
     Flux                                 0.160145 +/- 0.000404819
 Incoming Energy [2385000, 2466000)
   Total Material
     Flux                                 0.617106 +/- 0.000791562
 Incoming Energy [2466000, 2592000)
   Total Material
     Flux                                 0.870753 +/- 0.00108012
 Incoming Energy [2592000, 2725000)
   Total Material
     Flux                                 0.815483 +/- 0.00106037
 Incoming Energy [2725000, 2865000)
   Total Material
     Flux                                 0.757791 +/- 0.000983179
 Incoming Energy [2865000, 3012000)
   Total Material
     Flux                                 0.696127 +/- 0.00100614
 Incoming Energy [3012000, 3166000)
   Total Material
     Flux                                 0.630418 +/- 0.000871566
 Incoming Energy [3166000, 3329000)
   Total Material
     Flux                                 0.565628 +/- 0.000819593
 Incoming Energy [3329000, 3679000)
   Total Material
     Flux                                 0.95548 +/- 0.00120352
 Incoming Energy [3679000, 4066000)
   Total Material
     Flux                                 0.746601 +/- 0.00102759
 Incoming Energy [4066000, 4493000)
   Total Material
     Flux                                 0.571916 +/- 0.000907943
 Incoming Energy [4493000, 4724000)
   Total Material
     Flux                                 0.23638 +/- 0.000554223
 Incoming Energy [4724000, 4966000)
   Total Material
     Flux                                 0.208122 +/- 0.000451713
 Incoming Energy [4966000, 5220000)
   Total Material
     Flux                                 0.183411 +/- 0.00046611
 Incoming Energy [5220000, 5488000)
   Total Material
     Flux                                 0.162294 +/- 0.00046244
 Incoming Energy [5488000, 5769000)
   Total Material
     Flux                                 0.140383 +/- 0.000454844
 Incoming Energy [5769000, 6065000)
   Total Material
     Flux                                 0.119554 +/- 0.000370193
 Incoming Energy [6065000, 6376000)
   Total Material
     Flux                                 0.101056 +/- 0.000347015
 Incoming Energy [6376000, 6592000)
   Total Material
     Flux                                 0.0588304 +/- 0.000270949
 Incoming Energy [6592000, 6703000)
   Total Material
     Flux                                 0.0266992 +/- 0.000169979
 Incoming Energy [6703000, 7047000)
   Total Material
     Flux                                 0.0706174 +/- 0.0003405
 Incoming Energy [7047000, 7408000)
   Total Material
     Flux                                 0.0579493 +/- 0.000311202
 Incoming Energy [7408000, 7788000)
   Total Material
     Flux                                 0.0462118 +/- 0.000263771
 Incoming Energy [7788000, 8187000)
   Total Material
     Flux                                 0.0363898 +/- 0.000216044
 Incoming Energy [8187000, 8607000)
   Total Material
     Flux                                 0.0287775 +/- 0.000207944
 Incoming Energy [8607000, 9048000)
   Total Material
     Flux                                 0.0220496 +/- 0.0001763
 Incoming Energy [9048000, 9512000)
   Total Material
     Flux                                 0.0170824 +/- 0.000156242
 Incoming Energy [9512000, 10000000)
   Total Material
     Flux                                 0.0123523 +/- 0.000134162
 Incoming Energy [10000000, 10510000)
   Total Material
     Flux                                 0.00911503 +/- 0.000116524
 Incoming Energy [10510000, 11050000)
   Total Material
     Flux                                 0.00650276 +/- 9.8069e-05
 Incoming Energy [11050000, 11620000)
   Total Material
     Flux                                 0.00443828 +/- 8.35391e-05
 Incoming Energy [11620000, 12210000)
   Total Material
     Flux                                 0.00303353 +/- 6.9416e-05
 Incoming Energy [12210000, 12840000)
   Total Material
     Flux                                 0.00203235 +/- 5.67487e-05
 Incoming Energy [12840000, 13500000)
   Total Material
     Flux                                 0.00147984 +/- 5.36571e-05
 Incoming Energy [13500000, 13840000)
   Total Material
     Flux                                 0.000476733 +/- 2.71137e-05
 Incoming Energy [13840000, 14190000)
   Total Material
     Flux                                 0.000379665 +/- 2.52206e-05
 Incoming Energy [14190000, 14550000)
   Total Material
     Flux                                 0.000296907 +/- 1.96074e-05
 Incoming Energy [14550000, 14920000)
   Total Material
     Flux                                 0.000268467 +/- 2.23583e-05
 Incoming Energy [14920000, 15680000)
   Total Material
     Flux                                 0.000282909 +/- 2.32075e-05
 Incoming Energy [15680000, 16490000)
   Total Material
     Flux                                 0.000200042 +/- 2.02818e-05
 Incoming Energy [16490000, 16910000)
   Total Material
     Flux                                 4.15635e-05 +/- 6.85858e-06
 Incoming Energy [16910000, 17330000)
   Total Material
     Flux                                 3.02176e-05 +/- 6.80321e-06
 Incoming Energy [17330000, 19640000)
   Total Material
     Flux                                 7.99231e-05 +/- 1.20847e-05
 =====================>     TALLY 2: IFP_KINETICS     <=====================

 Total Material
   IFP delayed fraction numerator       0.001335 +/- 2.13009e-05
   IFP common denominator               0.998564 +/- 0.000238815
   IFP lifetime numerator               6.84679e-08 +/- 9.33291e-11
 ==================>     TALLY 3: IFP_BETA_BY_GROUP     <===================

 Delayed Group 1
   Total Material
     IFP delayed fraction numerator       5.01e-05 +/- 4.77851e-06
 Delayed Group 2
   Total Material
     IFP delayed fraction numerator       0.00031075 +/- 1.0878e-05
 Delayed Group 3
   Total Material
     IFP delayed fraction numerator       0.00018385 +/- 7.74781e-06
 Delayed Group 4
   Total Material
     IFP delayed fraction numerator       0.00051425 +/- 1.28766e-05
 Delayed Group 5
   Total Material
     IFP delayed fraction numerator       0.0001975 +/- 8.94308e-06
 Delayed Group 6
   Total Material
     IFP delayed fraction numerator       7.855e-05 +/- 5.20745e-06
 ============================>     TALLY 4     <============================

 Internal

